["fused_nn_max_pool2d", {"root": 1, "nodes": [{"type_key": ""}, 
{"type_key": "IRModule", "attrs": {"attrs": "0", "functions": "2", "global_type_var_map_": "343", "global_var_map_": "342", "source_map": "344", "type_definitions": "341"}}, 
{"type_key": "Map", "data": [3, 5]}, 
{"type_key": "GlobalVar", "attrs": {"_checked_type_": "0", "name_hint": "4", "span": "0", "virtual_device_": "0"}}, 
{"type_key": "runtime.String", "repr_str": "main"}, 
{"type_key": "tir.PrimFunc", "attrs": {"_checked_type_": "337", "attrs": "333", "body": "13", "buffer_map": "332", "params": "6", "ret_type": "330", "span": "0"}}, 
{"type_key": "Array", "data": [7, 10]}, 
{"type_key": "tir.Var", "attrs": {"dtype": "handle", "name": "8", "span": "0", "type_annotation": "9"}}, 
{"type_key": "runtime.String", "repr_str": "var_p0"}, 
{"type_key": "PrimType", "attrs": {"dtype": "handle"}}, 
{"type_key": "tir.Var", "attrs": {"dtype": "handle", "name": "11", "span": "0", "type_annotation": "12"}}, 
{"type_key": "runtime.String", "repr_str": "var_pool_max"}, 
{"type_key": "PrimType", "attrs": {"dtype": "handle"}}, 
{"type_key": "tir.BlockRealize", "attrs": {"block": "16", "iter_values": "14", "predicate": "15"}}, 
{"type_key": "Array"}, 
{"type_key": "IntImm", "attrs": {"dtype": "bool", "span": "0", "value": "1"}}, 
{"type_key": "tir.Block", "attrs": {"alloc_buffers": "327", "annotations": "329", "body": "21", "init": "0", "iter_vars": "17", "match_buffers": "328", "name_hint": "20", "reads": "18", "writes": "19"}}, 
{"type_key": "Array"}, 
{"type_key": "Array"}, 
{"type_key": "Array"}, 
{"type_key": "runtime.String", "repr_str": "root"}, 
{"type_key": "tir.SeqStmt", "attrs": {"seq": "22", "span": "0"}}, 
{"type_key": "Array", "data": [23, 169]}, 
{"type_key": "tir.For", "attrs": {"annotations": "168", "body": "29", "extent": "28", "kind": "0", "loop_var": "24", "min": "27", "span": "0", "thread_binding": "0"}}, 
{"type_key": "tir.Var", "attrs": {"dtype": "int64", "name": "25", "span": "0", "type_annotation": "26"}}, 
{"type_key": "runtime.String", "repr_str": "ax0"}, 
{"type_key": "PrimType", "attrs": {"dtype": "int64"}}, 
{"type_key": "IntImm", "attrs": {"dtype": "int64", "span": "0", "value": "0"}}, 
{"type_key": "IntImm", "attrs": {"dtype": "int64", "span": "0", "value": "1"}}, 
{"type_key": "tir.For", "attrs": {"annotations": "167", "body": "35", "extent": "34", "kind": "0", "loop_var": "30", "min": "33", "span": "0", "thread_binding": "0"}}, 
{"type_key": "tir.Var", "attrs": {"dtype": "int64", "name": "31", "span": "0", "type_annotation": "32"}}, 
{"type_key": "runtime.String", "repr_str": "ax1"}, 
{"type_key": "PrimType", "attrs": {"dtype": "int64"}}, 
{"type_key": "IntImm", "attrs": {"dtype": "int64", "span": "0", "value": "0"}}, 
{"type_key": "IntImm", "attrs": {"dtype": "int64", "span": "0", "value": "114"}}, 
{"type_key": "tir.For", "attrs": {"annotations": "166", "body": "41", "extent": "40", "kind": "0", "loop_var": "36", "min": "39", "span": "0", "thread_binding": "0"}}, 
{"type_key": "tir.Var", "attrs": {"dtype": "int64", "name": "37", "span": "0", "type_annotation": "38"}}, 
{"type_key": "runtime.String", "repr_str": "ax2"}, 
{"type_key": "PrimType", "attrs": {"dtype": "int64"}}, 
{"type_key": "IntImm", "attrs": {"dtype": "int64", "span": "0", "value": "0"}}, 
{"type_key": "IntImm", "attrs": {"dtype": "int64", "span": "0", "value": "114"}}, 
{"type_key": "tir.For", "attrs": {"annotations": "165", "body": "47", "extent": "46", "kind": "0", "loop_var": "42", "min": "45", "span": "0", "thread_binding": "0"}}, 
{"type_key": "tir.Var", "attrs": {"dtype": "int64", "name": "43", "span": "0", "type_annotation": "44"}}, 
{"type_key": "runtime.String", "repr_str": "ax3"}, 
{"type_key": "PrimType", "attrs": {"dtype": "int64"}}, 
{"type_key": "IntImm", "attrs": {"dtype": "int64", "span": "0", "value": "0"}}, 
{"type_key": "IntImm", "attrs": {"dtype": "int64", "span": "0", "value": "64"}}, 
{"type_key": "tir.BlockRealize", "attrs": {"block": "50", "iter_values": "48", "predicate": "49"}}, 
{"type_key": "Array", "data": [24, 30, 36, 42]}, 
{"type_key": "IntImm", "attrs": {"dtype": "bool", "span": "0", "value": "1"}}, 
{"type_key": "tir.Block", "attrs": {"alloc_buffers": "162", "annotations": "164", "body": "139", "init": "0", "iter_vars": "51", "match_buffers": "163", "name_hint": "138", "reads": "84", "writes": "113"}}, 
{"type_key": "Array", "data": [52, 60, 68, 76]}, 
{"type_key": "tir.IterVar", "attrs": {"dom": "53", "iter_type": "0", "span": "0", "thread_tag": "59", "var": "56"}}, 
{"type_key": "Range", "attrs": {"extent": "55", "min": "54", "span": "0"}}, 
{"type_key": "IntImm", "attrs": {"dtype": "int64", "span": "0", "value": "0"}}, 
{"type_key": "IntImm", "attrs": {"dtype": "int64", "span": "0", "value": "1"}}, 
{"type_key": "tir.Var", "attrs": {"dtype": "int64", "name": "57", "span": "0", "type_annotation": "58"}}, 
{"type_key": "runtime.String", "repr_str": "v_ax0"}, 
{"type_key": "PrimType", "attrs": {"dtype": "int64"}}, 
{"type_key": "runtime.String"}, 
{"type_key": "tir.IterVar", "attrs": {"dom": "61", "iter_type": "0", "span": "0", "thread_tag": "67", "var": "64"}}, 
{"type_key": "Range", "attrs": {"extent": "63", "min": "62", "span": "0"}}, 
{"type_key": "IntImm", "attrs": {"dtype": "int64", "span": "0", "value": "0"}}, 
{"type_key": "IntImm", "attrs": {"dtype": "int64", "span": "0", "value": "114"}}, 
{"type_key": "tir.Var", "attrs": {"dtype": "int64", "name": "65", "span": "0", "type_annotation": "66"}}, 
{"type_key": "runtime.String", "repr_str": "v_ax1"}, 
{"type_key": "PrimType", "attrs": {"dtype": "int64"}}, 
{"type_key": "runtime.String"}, 
{"type_key": "tir.IterVar", "attrs": {"dom": "69", "iter_type": "0", "span": "0", "thread_tag": "75", "var": "72"}}, 
{"type_key": "Range", "attrs": {"extent": "71", "min": "70", "span": "0"}}, 
{"type_key": "IntImm", "attrs": {"dtype": "int64", "span": "0", "value": "0"}}, 
{"type_key": "IntImm", "attrs": {"dtype": "int64", "span": "0", "value": "114"}}, 
{"type_key": "tir.Var", "attrs": {"dtype": "int64", "name": "73", "span": "0", "type_annotation": "74"}}, 
{"type_key": "runtime.String", "repr_str": "v_ax2"}, 
{"type_key": "PrimType", "attrs": {"dtype": "int64"}}, 
{"type_key": "runtime.String"}, 
{"type_key": "tir.IterVar", "attrs": {"dom": "77", "iter_type": "0", "span": "0", "thread_tag": "83", "var": "80"}}, 
{"type_key": "Range", "attrs": {"extent": "79", "min": "78", "span": "0"}}, 
{"type_key": "IntImm", "attrs": {"dtype": "int64", "span": "0", "value": "0"}}, 
{"type_key": "IntImm", "attrs": {"dtype": "int64", "span": "0", "value": "64"}}, 
{"type_key": "tir.Var", "attrs": {"dtype": "int64", "name": "81", "span": "0", "type_annotation": "82"}}, 
{"type_key": "runtime.String", "repr_str": "v_ax3"}, 
{"type_key": "PrimType", "attrs": {"dtype": "int64"}}, 
{"type_key": "runtime.String"}, 
{"type_key": "Array", "data": [85]}, 
{"type_key": "tir.BufferRegion", "attrs": {"buffer": "86", "region": "100"}}, 
{"type_key": "tir.Buffer", "attrs": {"axis_separators": "98", "buffer_type": "1", "data": "87", "data_alignment": "64", "dtype": "float32", "elem_offset": "99", "name": "88", "offset_factor": "1", "shape": "92", "span": "0", "strides": "97"}}, 
{"type_key": "tir.Var", "attrs": {"dtype": "handle", "name": "88", "span": "0", "type_annotation": "89"}}, 
{"type_key": "runtime.String", "repr_str": "p0"}, 
{"type_key": "PointerType", "attrs": {"element_type": "90", "storage_scope": "91"}}, 
{"type_key": "PrimType", "attrs": {"dtype": "float32"}}, 
{"type_key": "runtime.String", "repr_str": "global"}, 
{"type_key": "Array", "data": [93, 94, 95, 96]}, 
{"type_key": "IntImm", "attrs": {"dtype": "int64", "span": "0", "value": "1"}}, 
{"type_key": "IntImm", "attrs": {"dtype": "int64", "span": "0", "value": "112"}}, 
{"type_key": "IntImm", "attrs": {"dtype": "int64", "span": "0", "value": "112"}}, 
{"type_key": "IntImm", "attrs": {"dtype": "int64", "span": "0", "value": "64"}}, 
{"type_key": "Array"}, 
{"type_key": "Array"}, 
{"type_key": "IntImm", "attrs": {"dtype": "int64", "span": "0", "value": "0"}}, 
{"type_key": "Array", "data": [101, 103, 107, 111]}, 
{"type_key": "Range", "attrs": {"extent": "102", "min": "56", "span": "0"}}, 
{"type_key": "IntImm", "attrs": {"dtype": "int64", "span": "0", "value": "1"}}, 
{"type_key": "Range", "attrs": {"extent": "106", "min": "104", "span": "0"}}, 
{"type_key": "tir.Sub", "attrs": {"a": "64", "b": "105", "dtype": "int64", "span": "0"}}, 
{"type_key": "IntImm", "attrs": {"dtype": "int64", "span": "0", "value": "1"}}, 
{"type_key": "IntImm", "attrs": {"dtype": "int64", "span": "0", "value": "1"}}, 
{"type_key": "Range", "attrs": {"extent": "110", "min": "108", "span": "0"}}, 
{"type_key": "tir.Sub", "attrs": {"a": "72", "b": "109", "dtype": "int64", "span": "0"}}, 
{"type_key": "IntImm", "attrs": {"dtype": "int64", "span": "0", "value": "1"}}, 
{"type_key": "IntImm", "attrs": {"dtype": "int64", "span": "0", "value": "1"}}, 
{"type_key": "Range", "attrs": {"extent": "112", "min": "80", "span": "0"}}, 
{"type_key": "IntImm", "attrs": {"dtype": "int64", "span": "0", "value": "1"}}, 
{"type_key": "Array", "data": [114]}, 
{"type_key": "tir.BufferRegion", "attrs": {"buffer": "115", "region": "129"}}, 
{"type_key": "tir.Buffer", "attrs": {"axis_separators": "127", "buffer_type": "1", "data": "116", "data_alignment": "64", "dtype": "float32", "elem_offset": "128", "name": "117", "offset_factor": "1", "shape": "121", "span": "0", "strides": "126"}}, 
{"type_key": "tir.Var", "attrs": {"dtype": "handle", "name": "117", "span": "0", "type_annotation": "118"}}, 
{"type_key": "runtime.String", "repr_str": "pad_temp"}, 
{"type_key": "PointerType", "attrs": {"element_type": "119", "storage_scope": "120"}}, 
{"type_key": "PrimType", "attrs": {"dtype": "float32"}}, 
{"type_key": "runtime.String", "repr_str": "global"}, 
{"type_key": "Array", "data": [122, 123, 124, 125]}, 
{"type_key": "IntImm", "attrs": {"dtype": "int64", "span": "0", "value": "1"}}, 
{"type_key": "IntImm", "attrs": {"dtype": "int64", "span": "0", "value": "114"}}, 
{"type_key": "IntImm", "attrs": {"dtype": "int64", "span": "0", "value": "114"}}, 
{"type_key": "IntImm", "attrs": {"dtype": "int64", "span": "0", "value": "64"}}, 
{"type_key": "Array"}, 
{"type_key": "Array"}, 
{"type_key": "IntImm", "attrs": {"dtype": "int64", "span": "0", "value": "0"}}, 
{"type_key": "Array", "data": [130, 132, 134, 136]}, 
{"type_key": "Range", "attrs": {"extent": "131", "min": "56", "span": "0"}}, 
{"type_key": "IntImm", "attrs": {"dtype": "int64", "span": "0", "value": "1"}}, 
{"type_key": "Range", "attrs": {"extent": "133", "min": "64", "span": "0"}}, 
{"type_key": "IntImm", "attrs": {"dtype": "int64", "span": "0", "value": "1"}}, 
{"type_key": "Range", "attrs": {"extent": "135", "min": "72", "span": "0"}}, 
{"type_key": "IntImm", "attrs": {"dtype": "int64", "span": "0", "value": "1"}}, 
{"type_key": "Range", "attrs": {"extent": "137", "min": "80", "span": "0"}}, 
{"type_key": "IntImm", "attrs": {"dtype": "int64", "span": "0", "value": "1"}}, 
{"type_key": "runtime.String", "repr_str": "pad_temp"}, 
{"type_key": "tir.BufferStore", "attrs": {"buffer": "115", "indices": "161", "span": "0", "value": "140"}}, 
{"type_key": "tir.Call", "attrs": {"args": "142", "dtype": "float32", "op": "141", "span": "0"}}, 
{"type_key": "Op", "repr_str": "tir.if_then_else"}, 
{"type_key": "Array", "data": [143, 154, 160]}, 
{"type_key": "tir.And", "attrs": {"a": "144", "b": "152", "dtype": "bool", "span": "0"}}, 
{"type_key": "tir.And", "attrs": {"a": "145", "b": "150", "dtype": "bool", "span": "0"}}, 
{"type_key": "tir.And", "attrs": {"a": "146", "b": "148", "dtype": "bool", "span": "0"}}, 
{"type_key": "tir.LE", "attrs": {"a": "147", "b": "64", "dtype": "bool", "span": "0"}}, 
{"type_key": "IntImm", "attrs": {"dtype": "int64", "span": "0", "value": "1"}}, 
{"type_key": "tir.LT", "attrs": {"a": "64", "b": "149", "dtype": "bool", "span": "0"}}, 
{"type_key": "IntImm", "attrs": {"dtype": "int64", "span": "0", "value": "113"}}, 
{"type_key": "tir.LE", "attrs": {"a": "151", "b": "72", "dtype": "bool", "span": "0"}}, 
{"type_key": "IntImm", "attrs": {"dtype": "int64", "span": "0", "value": "1"}}, 
{"type_key": "tir.LT", "attrs": {"a": "72", "b": "153", "dtype": "bool", "span": "0"}}, 
{"type_key": "IntImm", "attrs": {"dtype": "int64", "span": "0", "value": "113"}}, 
{"type_key": "tir.BufferLoad", "attrs": {"buffer": "86", "dtype": "float32", "indices": "155", "span": "0"}}, 
{"type_key": "Array", "data": [56, 156, 158, 80]}, 
{"type_key": "tir.Sub", "attrs": {"a": "64", "b": "157", "dtype": "int64", "span": "0"}}, 
{"type_key": "IntImm", "attrs": {"dtype": "int64", "span": "0", "value": "1"}}, 
{"type_key": "tir.Sub", "attrs": {"a": "72", "b": "159", "dtype": "int64", "span": "0"}}, 
{"type_key": "IntImm", "attrs": {"dtype": "int64", "span": "0", "value": "1"}}, 
{"type_key": "FloatImm", "attrs": {"dtype": "float32", "span": "0", "value": "-3.4028234663852886e+38"}}, 
{"type_key": "Array", "data": [56, 64, 72, 80]}, 
{"type_key": "Array"}, 
{"type_key": "Array"}, 
{"type_key": "Map"}, 
{"type_key": "Map"}, 
{"type_key": "Map"}, 
{"type_key": "Map"}, 
{"type_key": "Map"}, 
{"type_key": "tir.For", "attrs": {"annotations": "326", "body": "175", "extent": "174", "kind": "0", "loop_var": "170", "min": "173", "span": "0", "thread_binding": "0"}}, 
{"type_key": "tir.Var", "attrs": {"dtype": "int64", "name": "171", "span": "0", "type_annotation": "172"}}, 
{"type_key": "runtime.String", "repr_str": "ax0"}, 
{"type_key": "PrimType", "attrs": {"dtype": "int64"}}, 
{"type_key": "IntImm", "attrs": {"dtype": "int64", "span": "0", "value": "0"}}, 
{"type_key": "IntImm", "attrs": {"dtype": "int64", "span": "0", "value": "1"}}, 
{"type_key": "tir.For", "attrs": {"annotations": "325", "body": "181", "extent": "180", "kind": "0", "loop_var": "176", "min": "179", "span": "0", "thread_binding": "0"}}, 
{"type_key": "tir.Var", "attrs": {"dtype": "int64", "name": "177", "span": "0", "type_annotation": "178"}}, 
{"type_key": "runtime.String", "repr_str": "ax1"}, 
{"type_key": "PrimType", "attrs": {"dtype": "int64"}}, 
{"type_key": "IntImm", "attrs": {"dtype": "int64", "span": "0", "value": "0"}}, 
{"type_key": "IntImm", "attrs": {"dtype": "int64", "span": "0", "value": "56"}}, 
{"type_key": "tir.For", "attrs": {"annotations": "324", "body": "187", "extent": "186", "kind": "0", "loop_var": "182", "min": "185", "span": "0", "thread_binding": "0"}}, 
{"type_key": "tir.Var", "attrs": {"dtype": "int64", "name": "183", "span": "0", "type_annotation": "184"}}, 
{"type_key": "runtime.String", "repr_str": "ax2"}, 
{"type_key": "PrimType", "attrs": {"dtype": "int64"}}, 
{"type_key": "IntImm", "attrs": {"dtype": "int64", "span": "0", "value": "0"}}, 
{"type_key": "IntImm", "attrs": {"dtype": "int64", "span": "0", "value": "56"}}, 
{"type_key": "tir.For", "attrs": {"annotations": "323", "body": "193", "extent": "192", "kind": "0", "loop_var": "188", "min": "191", "span": "0", "thread_binding": "0"}}, 
{"type_key": "tir.Var", "attrs": {"dtype": "int64", "name": "189", "span": "0", "type_annotation": "190"}}, 
{"type_key": "runtime.String", "repr_str": "ax3"}, 
{"type_key": "PrimType", "attrs": {"dtype": "int64"}}, 
{"type_key": "IntImm", "attrs": {"dtype": "int64", "span": "0", "value": "0"}}, 
{"type_key": "IntImm", "attrs": {"dtype": "int64", "span": "0", "value": "64"}}, 
{"type_key": "tir.For", "attrs": {"annotations": "322", "body": "199", "extent": "198", "kind": "0", "loop_var": "194", "min": "197", "span": "0", "thread_binding": "0"}}, 
{"type_key": "tir.Var", "attrs": {"dtype": "int64", "name": "195", "span": "0", "type_annotation": "196"}}, 
{"type_key": "runtime.String", "repr_str": "rv0"}, 
{"type_key": "PrimType", "attrs": {"dtype": "int64"}}, 
{"type_key": "IntImm", "attrs": {"dtype": "int64", "span": "0", "value": "0"}}, 
{"type_key": "IntImm", "attrs": {"dtype": "int64", "span": "0", "value": "3"}}, 
{"type_key": "tir.For", "attrs": {"annotations": "321", "body": "205", "extent": "204", "kind": "0", "loop_var": "200", "min": "203", "span": "0", "thread_binding": "0"}}, 
{"type_key": "tir.Var", "attrs": {"dtype": "int64", "name": "201", "span": "0", "type_annotation": "202"}}, 
{"type_key": "runtime.String", "repr_str": "rv1"}, 
{"type_key": "PrimType", "attrs": {"dtype": "int64"}}, 
{"type_key": "IntImm", "attrs": {"dtype": "int64", "span": "0", "value": "0"}}, 
{"type_key": "IntImm", "attrs": {"dtype": "int64", "span": "0", "value": "3"}}, 
{"type_key": "tir.BlockRealize", "attrs": {"block": "208", "iter_values": "206", "predicate": "207"}}, 
{"type_key": "Array", "data": [170, 176, 182, 188, 194, 200]}, 
{"type_key": "IntImm", "attrs": {"dtype": "bool", "span": "0", "value": "1"}}, 
{"type_key": "tir.Block", "attrs": {"alloc_buffers": "317", "annotations": "319", "body": "301", "init": "314", "iter_vars": "209", "match_buffers": "318", "name_hint": "300", "reads": "258", "writes": "275"}}, 
{"type_key": "Array", "data": [210, 218, 226, 234, 242, 250]}, 
{"type_key": "tir.IterVar", "attrs": {"dom": "211", "iter_type": "0", "span": "0", "thread_tag": "217", "var": "214"}}, 
{"type_key": "Range", "attrs": {"extent": "213", "min": "212", "span": "0"}}, 
{"type_key": "IntImm", "attrs": {"dtype": "int64", "span": "0", "value": "0"}}, 
{"type_key": "IntImm", "attrs": {"dtype": "int64", "span": "0", "value": "1"}}, 
{"type_key": "tir.Var", "attrs": {"dtype": "int64", "name": "215", "span": "0", "type_annotation": "216"}}, 
{"type_key": "runtime.String", "repr_str": "v_ax0"}, 
{"type_key": "PrimType", "attrs": {"dtype": "int64"}}, 
{"type_key": "runtime.String"}, 
{"type_key": "tir.IterVar", "attrs": {"dom": "219", "iter_type": "0", "span": "0", "thread_tag": "225", "var": "222"}}, 
{"type_key": "Range", "attrs": {"extent": "221", "min": "220", "span": "0"}}, 
{"type_key": "IntImm", "attrs": {"dtype": "int64", "span": "0", "value": "0"}}, 
{"type_key": "IntImm", "attrs": {"dtype": "int64", "span": "0", "value": "56"}}, 
{"type_key": "tir.Var", "attrs": {"dtype": "int64", "name": "223", "span": "0", "type_annotation": "224"}}, 
{"type_key": "runtime.String", "repr_str": "v_ax1"}, 
{"type_key": "PrimType", "attrs": {"dtype": "int64"}}, 
{"type_key": "runtime.String"}, 
{"type_key": "tir.IterVar", "attrs": {"dom": "227", "iter_type": "0", "span": "0", "thread_tag": "233", "var": "230"}}, 
{"type_key": "Range", "attrs": {"extent": "229", "min": "228", "span": "0"}}, 
{"type_key": "IntImm", "attrs": {"dtype": "int64", "span": "0", "value": "0"}}, 
{"type_key": "IntImm", "attrs": {"dtype": "int64", "span": "0", "value": "56"}}, 
{"type_key": "tir.Var", "attrs": {"dtype": "int64", "name": "231", "span": "0", "type_annotation": "232"}}, 
{"type_key": "runtime.String", "repr_str": "v_ax2"}, 
{"type_key": "PrimType", "attrs": {"dtype": "int64"}}, 
{"type_key": "runtime.String"}, 
{"type_key": "tir.IterVar", "attrs": {"dom": "235", "iter_type": "0", "span": "0", "thread_tag": "241", "var": "238"}}, 
{"type_key": "Range", "attrs": {"extent": "237", "min": "236", "span": "0"}}, 
{"type_key": "IntImm", "attrs": {"dtype": "int64", "span": "0", "value": "0"}}, 
{"type_key": "IntImm", "attrs": {"dtype": "int64", "span": "0", "value": "64"}}, 
{"type_key": "tir.Var", "attrs": {"dtype": "int64", "name": "239", "span": "0", "type_annotation": "240"}}, 
{"type_key": "runtime.String", "repr_str": "v_ax3"}, 
{"type_key": "PrimType", "attrs": {"dtype": "int64"}}, 
{"type_key": "runtime.String"}, 
{"type_key": "tir.IterVar", "attrs": {"dom": "243", "iter_type": "2", "span": "0", "thread_tag": "249", "var": "246"}}, 
{"type_key": "Range", "attrs": {"extent": "245", "min": "244", "span": "0"}}, 
{"type_key": "IntImm", "attrs": {"dtype": "int64", "span": "0", "value": "0"}}, 
{"type_key": "IntImm", "attrs": {"dtype": "int64", "span": "0", "value": "3"}}, 
{"type_key": "tir.Var", "attrs": {"dtype": "int64", "name": "247", "span": "0", "type_annotation": "248"}}, 
{"type_key": "runtime.String", "repr_str": "v_rv0"}, 
{"type_key": "PrimType", "attrs": {"dtype": "int64"}}, 
{"type_key": "runtime.String"}, 
{"type_key": "tir.IterVar", "attrs": {"dom": "251", "iter_type": "2", "span": "0", "thread_tag": "257", "var": "254"}}, 
{"type_key": "Range", "attrs": {"extent": "253", "min": "252", "span": "0"}}, 
{"type_key": "IntImm", "attrs": {"dtype": "int64", "span": "0", "value": "0"}}, 
{"type_key": "IntImm", "attrs": {"dtype": "int64", "span": "0", "value": "3"}}, 
{"type_key": "tir.Var", "attrs": {"dtype": "int64", "name": "255", "span": "0", "type_annotation": "256"}}, 
{"type_key": "runtime.String", "repr_str": "v_rv1"}, 
{"type_key": "PrimType", "attrs": {"dtype": "int64"}}, 
{"type_key": "runtime.String"}, 
{"type_key": "Array", "data": [259]}, 
{"type_key": "tir.BufferRegion", "attrs": {"buffer": "115", "region": "260"}}, 
{"type_key": "Array", "data": [261, 263, 268, 273]}, 
{"type_key": "Range", "attrs": {"extent": "262", "min": "214", "span": "0"}}, 
{"type_key": "IntImm", "attrs": {"dtype": "int64", "span": "0", "value": "1"}}, 
{"type_key": "Range", "attrs": {"extent": "267", "min": "264", "span": "0"}}, 
{"type_key": "tir.Add", "attrs": {"a": "265", "b": "246", "dtype": "int64", "span": "0"}}, 
{"type_key": "tir.Mul", "attrs": {"a": "222", "b": "266", "dtype": "int64", "span": "0"}}, 
{"type_key": "IntImm", "attrs": {"dtype": "int64", "span": "0", "value": "2"}}, 
{"type_key": "IntImm", "attrs": {"dtype": "int64", "span": "0", "value": "1"}}, 
{"type_key": "Range", "attrs": {"extent": "272", "min": "269", "span": "0"}}, 
{"type_key": "tir.Add", "attrs": {"a": "270", "b": "254", "dtype": "int64", "span": "0"}}, 
{"type_key": "tir.Mul", "attrs": {"a": "230", "b": "271", "dtype": "int64", "span": "0"}}, 
{"type_key": "IntImm", "attrs": {"dtype": "int64", "span": "0", "value": "2"}}, 
{"type_key": "IntImm", "attrs": {"dtype": "int64", "span": "0", "value": "1"}}, 
{"type_key": "Range", "attrs": {"extent": "274", "min": "238", "span": "0"}}, 
{"type_key": "IntImm", "attrs": {"dtype": "int64", "span": "0", "value": "1"}}, 
{"type_key": "Array", "data": [276]}, 
{"type_key": "tir.BufferRegion", "attrs": {"buffer": "277", "region": "291"}}, 
{"type_key": "tir.Buffer", "attrs": {"axis_separators": "289", "buffer_type": "1", "data": "278", "data_alignment": "64", "dtype": "float32", "elem_offset": "290", "name": "279", "offset_factor": "1", "shape": "283", "span": "0", "strides": "288"}}, 
{"type_key": "tir.Var", "attrs": {"dtype": "handle", "name": "279", "span": "0", "type_annotation": "280"}}, 
{"type_key": "runtime.String", "repr_str": "pool_max"}, 
{"type_key": "PointerType", "attrs": {"element_type": "281", "storage_scope": "282"}}, 
{"type_key": "PrimType", "attrs": {"dtype": "float32"}}, 
{"type_key": "runtime.String", "repr_str": "global"}, 
{"type_key": "Array", "data": [284, 285, 286, 287]}, 
{"type_key": "IntImm", "attrs": {"dtype": "int64", "span": "0", "value": "1"}}, 
{"type_key": "IntImm", "attrs": {"dtype": "int64", "span": "0", "value": "56"}}, 
{"type_key": "IntImm", "attrs": {"dtype": "int64", "span": "0", "value": "56"}}, 
{"type_key": "IntImm", "attrs": {"dtype": "int64", "span": "0", "value": "64"}}, 
{"type_key": "Array"}, 
{"type_key": "Array"}, 
{"type_key": "IntImm", "attrs": {"dtype": "int64", "span": "0", "value": "0"}}, 
{"type_key": "Array", "data": [292, 294, 296, 298]}, 
{"type_key": "Range", "attrs": {"extent": "293", "min": "214", "span": "0"}}, 
{"type_key": "IntImm", "attrs": {"dtype": "int64", "span": "0", "value": "1"}}, 
{"type_key": "Range", "attrs": {"extent": "295", "min": "222", "span": "0"}}, 
{"type_key": "IntImm", "attrs": {"dtype": "int64", "span": "0", "value": "1"}}, 
{"type_key": "Range", "attrs": {"extent": "297", "min": "230", "span": "0"}}, 
{"type_key": "IntImm", "attrs": {"dtype": "int64", "span": "0", "value": "1"}}, 
{"type_key": "Range", "attrs": {"extent": "299", "min": "238", "span": "0"}}, 
{"type_key": "IntImm", "attrs": {"dtype": "int64", "span": "0", "value": "1"}}, 
{"type_key": "runtime.String", "repr_str": "pool_max"}, 
{"type_key": "tir.BufferStore", "attrs": {"buffer": "277", "indices": "313", "span": "0", "value": "302"}}, 
{"type_key": "tir.Max", "attrs": {"a": "303", "b": "305", "dtype": "float32", "span": "0"}}, 
{"type_key": "tir.BufferLoad", "attrs": {"buffer": "277", "dtype": "float32", "indices": "304", "span": "0"}}, 
{"type_key": "Array", "data": [214, 222, 230, 238]}, 
{"type_key": "tir.BufferLoad", "attrs": {"buffer": "115", "dtype": "float32", "indices": "306", "span": "0"}}, 
{"type_key": "Array", "data": [214, 307, 310, 238]}, 
{"type_key": "tir.Add", "attrs": {"a": "308", "b": "246", "dtype": "int64", "span": "0"}}, 
{"type_key": "tir.Mul", "attrs": {"a": "222", "b": "309", "dtype": "int64", "span": "0"}}, 
{"type_key": "IntImm", "attrs": {"dtype": "int64", "span": "0", "value": "2"}}, 
{"type_key": "tir.Add", "attrs": {"a": "311", "b": "254", "dtype": "int64", "span": "0"}}, 
{"type_key": "tir.Mul", "attrs": {"a": "230", "b": "312", "dtype": "int64", "span": "0"}}, 
{"type_key": "IntImm", "attrs": {"dtype": "int64", "span": "0", "value": "2"}}, 
{"type_key": "Array", "data": [214, 222, 230, 238]}, 
{"type_key": "tir.BufferStore", "attrs": {"buffer": "277", "indices": "316", "span": "0", "value": "315"}}, 
{"type_key": "FloatImm", "attrs": {"dtype": "float32", "span": "0", "value": "-3.4028234663852886e+38"}}, 
{"type_key": "Array", "data": [214, 222, 230, 238]}, 
{"type_key": "Array"}, 
{"type_key": "Array"}, 
{"type_key": "Map", "keys": ["schedule_rule"], "data": [320]}, 
{"type_key": "runtime.String", "repr_str": "meta_schedule.pool_max"}, 
{"type_key": "Map"}, 
{"type_key": "Map"}, 
{"type_key": "Map"}, 
{"type_key": "Map"}, 
{"type_key": "Map"}, 
{"type_key": "Map"}, 
{"type_key": "Array", "data": [115]}, 
{"type_key": "Array"}, 
{"type_key": "Map"}, 
{"type_key": "TupleType", "attrs": {"fields": "331", "span": "0"}}, 
{"type_key": "Array"}, 
{"type_key": "Map", "data": [7, 86, 10, 277]}, 
{"type_key": "DictAttrs", "attrs": {"__dict__": "334"}}, 
{"type_key": "Map", "keys": ["global_symbol", "tir.noalias"], "data": [335, 336]}, 
{"type_key": "runtime.String", "repr_str": "main"}, 
{"type_key": "IntImm", "attrs": {"dtype": "bool", "span": "0", "value": "1"}}, 
{"type_key": "FuncType", "attrs": {"arg_types": "338", "ret_type": "330", "span": "0", "type_constraints": "340", "type_params": "339"}}, 
{"type_key": "Array", "data": [9, 12]}, 
{"type_key": "Array"}, 
{"type_key": "Array"}, 
{"type_key": "Map"}, 
{"type_key": "Map", "keys": ["main"], "data": [3]}, 
{"type_key": "Map"}, 
{"type_key": "SourceMap", "attrs": {"source_map": "345"}}, 
{"type_key": "Map"}], "b64ndarrays": [], "attrs": {"tvm_version": "0.14.dev0"}}]
