["fused_nn_dense_add", {"root": 1, "nodes": [{"type_key": ""}, 
{"type_key": "IRModule", "attrs": {"attrs": "0", "functions": "2", "global_type_var_map_": "260", "global_var_map_": "259", "source_map": "261", "type_definitions": "258"}}, 
{"type_key": "Map", "data": [3, 5]}, 
{"type_key": "GlobalVar", "attrs": {"_checked_type_": "0", "name_hint": "4", "span": "0", "virtual_device_": "0"}}, 
{"type_key": "runtime.String", "repr_str": "main"}, 
{"type_key": "tir.PrimFunc", "attrs": {"_checked_type_": "254", "attrs": "248", "body": "19", "buffer_map": "247", "params": "6", "ret_type": "245", "span": "0"}}, 
{"type_key": "Array", "data": [7, 10, 13, 16]}, 
{"type_key": "tir.Var", "attrs": {"dtype": "handle", "name": "8", "span": "0", "type_annotation": "9"}}, 
{"type_key": "runtime.String", "repr_str": "var_p0"}, 
{"type_key": "PrimType", "attrs": {"dtype": "handle"}}, 
{"type_key": "tir.Var", "attrs": {"dtype": "handle", "name": "11", "span": "0", "type_annotation": "12"}}, 
{"type_key": "runtime.String", "repr_str": "var_p1"}, 
{"type_key": "PrimType", "attrs": {"dtype": "handle"}}, 
{"type_key": "tir.Var", "attrs": {"dtype": "handle", "name": "14", "span": "0", "type_annotation": "15"}}, 
{"type_key": "runtime.String", "repr_str": "var_p2"}, 
{"type_key": "PrimType", "attrs": {"dtype": "handle"}}, 
{"type_key": "tir.Var", "attrs": {"dtype": "handle", "name": "17", "span": "0", "type_annotation": "18"}}, 
{"type_key": "runtime.String", "repr_str": "var_T_add"}, 
{"type_key": "PrimType", "attrs": {"dtype": "handle"}}, 
{"type_key": "tir.BlockRealize", "attrs": {"block": "22", "iter_values": "20", "predicate": "21"}}, 
{"type_key": "Array"}, 
{"type_key": "IntImm", "attrs": {"dtype": "bool", "span": "0", "value": "1"}}, 
{"type_key": "tir.Block", "attrs": {"alloc_buffers": "242", "annotations": "244", "body": "27", "init": "0", "iter_vars": "23", "match_buffers": "243", "name_hint": "26", "reads": "24", "writes": "25"}}, 
{"type_key": "Array"}, 
{"type_key": "Array"}, 
{"type_key": "Array"}, 
{"type_key": "runtime.String", "repr_str": "root"}, 
{"type_key": "tir.SeqStmt", "attrs": {"seq": "28", "span": "0"}}, 
{"type_key": "Array", "data": [29, 152]}, 
{"type_key": "tir.For", "attrs": {"annotations": "151", "body": "35", "extent": "34", "kind": "0", "loop_var": "30", "min": "33", "span": "0", "thread_binding": "0"}}, 
{"type_key": "tir.Var", "attrs": {"dtype": "int64", "name": "31", "span": "0", "type_annotation": "32"}}, 
{"type_key": "runtime.String", "repr_str": "i"}, 
{"type_key": "PrimType", "attrs": {"dtype": "int64"}}, 
{"type_key": "IntImm", "attrs": {"dtype": "int64", "span": "0", "value": "0"}}, 
{"type_key": "IntImm", "attrs": {"dtype": "int64", "span": "0", "value": "1"}}, 
{"type_key": "tir.For", "attrs": {"annotations": "150", "body": "41", "extent": "40", "kind": "0", "loop_var": "36", "min": "39", "span": "0", "thread_binding": "0"}}, 
{"type_key": "tir.Var", "attrs": {"dtype": "int64", "name": "37", "span": "0", "type_annotation": "38"}}, 
{"type_key": "runtime.String", "repr_str": "j"}, 
{"type_key": "PrimType", "attrs": {"dtype": "int64"}}, 
{"type_key": "IntImm", "attrs": {"dtype": "int64", "span": "0", "value": "0"}}, 
{"type_key": "IntImm", "attrs": {"dtype": "int64", "span": "0", "value": "1000"}}, 
{"type_key": "tir.For", "attrs": {"annotations": "149", "body": "47", "extent": "46", "kind": "0", "loop_var": "42", "min": "45", "span": "0", "thread_binding": "0"}}, 
{"type_key": "tir.Var", "attrs": {"dtype": "int64", "name": "43", "span": "0", "type_annotation": "44"}}, 
{"type_key": "runtime.String", "repr_str": "k"}, 
{"type_key": "PrimType", "attrs": {"dtype": "int64"}}, 
{"type_key": "IntImm", "attrs": {"dtype": "int64", "span": "0", "value": "0"}}, 
{"type_key": "IntImm", "attrs": {"dtype": "int64", "span": "0", "value": "512"}}, 
{"type_key": "tir.BlockRealize", "attrs": {"block": "50", "iter_values": "48", "predicate": "49"}}, 
{"type_key": "Array", "data": [30, 36, 42]}, 
{"type_key": "IntImm", "attrs": {"dtype": "bool", "span": "0", "value": "1"}}, 
{"type_key": "tir.Block", "attrs": {"alloc_buffers": "146", "annotations": "148", "body": "133", "init": "143", "iter_vars": "51", "match_buffers": "147", "name_hint": "132", "reads": "76", "writes": "113"}}, 
{"type_key": "Array", "data": [52, 60, 68]}, 
{"type_key": "tir.IterVar", "attrs": {"dom": "53", "iter_type": "0", "span": "0", "thread_tag": "59", "var": "56"}}, 
{"type_key": "Range", "attrs": {"extent": "55", "min": "54", "span": "0"}}, 
{"type_key": "IntImm", "attrs": {"dtype": "int64", "span": "0", "value": "0"}}, 
{"type_key": "IntImm", "attrs": {"dtype": "int64", "span": "0", "value": "1"}}, 
{"type_key": "tir.Var", "attrs": {"dtype": "int64", "name": "57", "span": "0", "type_annotation": "58"}}, 
{"type_key": "runtime.String", "repr_str": "v_i"}, 
{"type_key": "PrimType", "attrs": {"dtype": "int64"}}, 
{"type_key": "runtime.String"}, 
{"type_key": "tir.IterVar", "attrs": {"dom": "61", "iter_type": "0", "span": "0", "thread_tag": "67", "var": "64"}}, 
{"type_key": "Range", "attrs": {"extent": "63", "min": "62", "span": "0"}}, 
{"type_key": "IntImm", "attrs": {"dtype": "int64", "span": "0", "value": "0"}}, 
{"type_key": "IntImm", "attrs": {"dtype": "int64", "span": "0", "value": "1000"}}, 
{"type_key": "tir.Var", "attrs": {"dtype": "int64", "name": "65", "span": "0", "type_annotation": "66"}}, 
{"type_key": "runtime.String", "repr_str": "v_j"}, 
{"type_key": "PrimType", "attrs": {"dtype": "int64"}}, 
{"type_key": "runtime.String"}, 
{"type_key": "tir.IterVar", "attrs": {"dom": "69", "iter_type": "2", "span": "0", "thread_tag": "75", "var": "72"}}, 
{"type_key": "Range", "attrs": {"extent": "71", "min": "70", "span": "0"}}, 
{"type_key": "IntImm", "attrs": {"dtype": "int64", "span": "0", "value": "0"}}, 
{"type_key": "IntImm", "attrs": {"dtype": "int64", "span": "0", "value": "512"}}, 
{"type_key": "tir.Var", "attrs": {"dtype": "int64", "name": "73", "span": "0", "type_annotation": "74"}}, 
{"type_key": "runtime.String", "repr_str": "v_k"}, 
{"type_key": "PrimType", "attrs": {"dtype": "int64"}}, 
{"type_key": "runtime.String"}, 
{"type_key": "Array", "data": [77, 95]}, 
{"type_key": "tir.BufferRegion", "attrs": {"buffer": "78", "region": "90"}}, 
{"type_key": "tir.Buffer", "attrs": {"axis_separators": "88", "buffer_type": "1", "data": "79", "data_alignment": "64", "dtype": "float32", "elem_offset": "89", "name": "80", "offset_factor": "1", "shape": "84", "span": "0", "strides": "87"}}, 
{"type_key": "tir.Var", "attrs": {"dtype": "handle", "name": "80", "span": "0", "type_annotation": "81"}}, 
{"type_key": "runtime.String", "repr_str": "p0"}, 
{"type_key": "PointerType", "attrs": {"element_type": "82", "storage_scope": "83"}}, 
{"type_key": "PrimType", "attrs": {"dtype": "float32"}}, 
{"type_key": "runtime.String", "repr_str": "global"}, 
{"type_key": "Array", "data": [85, 86]}, 
{"type_key": "IntImm", "attrs": {"dtype": "int64", "span": "0", "value": "1"}}, 
{"type_key": "IntImm", "attrs": {"dtype": "int64", "span": "0", "value": "512"}}, 
{"type_key": "Array"}, 
{"type_key": "Array"}, 
{"type_key": "IntImm", "attrs": {"dtype": "int64", "span": "0", "value": "0"}}, 
{"type_key": "Array", "data": [91, 93]}, 
{"type_key": "Range", "attrs": {"extent": "92", "min": "56", "span": "0"}}, 
{"type_key": "IntImm", "attrs": {"dtype": "int64", "span": "0", "value": "1"}}, 
{"type_key": "Range", "attrs": {"extent": "94", "min": "72", "span": "0"}}, 
{"type_key": "IntImm", "attrs": {"dtype": "int64", "span": "0", "value": "1"}}, 
{"type_key": "tir.BufferRegion", "attrs": {"buffer": "96", "region": "108"}}, 
{"type_key": "tir.Buffer", "attrs": {"axis_separators": "106", "buffer_type": "1", "data": "97", "data_alignment": "64", "dtype": "float32", "elem_offset": "107", "name": "98", "offset_factor": "1", "shape": "102", "span": "0", "strides": "105"}}, 
{"type_key": "tir.Var", "attrs": {"dtype": "handle", "name": "98", "span": "0", "type_annotation": "99"}}, 
{"type_key": "runtime.String", "repr_str": "p1"}, 
{"type_key": "PointerType", "attrs": {"element_type": "100", "storage_scope": "101"}}, 
{"type_key": "PrimType", "attrs": {"dtype": "float32"}}, 
{"type_key": "runtime.String", "repr_str": "global"}, 
{"type_key": "Array", "data": [103, 104]}, 
{"type_key": "IntImm", "attrs": {"dtype": "int64", "span": "0", "value": "1000"}}, 
{"type_key": "IntImm", "attrs": {"dtype": "int64", "span": "0", "value": "512"}}, 
{"type_key": "Array"}, 
{"type_key": "Array"}, 
{"type_key": "IntImm", "attrs": {"dtype": "int64", "span": "0", "value": "0"}}, 
{"type_key": "Array", "data": [109, 111]}, 
{"type_key": "Range", "attrs": {"extent": "110", "min": "64", "span": "0"}}, 
{"type_key": "IntImm", "attrs": {"dtype": "int64", "span": "0", "value": "1"}}, 
{"type_key": "Range", "attrs": {"extent": "112", "min": "72", "span": "0"}}, 
{"type_key": "IntImm", "attrs": {"dtype": "int64", "span": "0", "value": "1"}}, 
{"type_key": "Array", "data": [114]}, 
{"type_key": "tir.BufferRegion", "attrs": {"buffer": "115", "region": "127"}}, 
{"type_key": "tir.Buffer", "attrs": {"axis_separators": "125", "buffer_type": "1", "data": "116", "data_alignment": "64", "dtype": "float32", "elem_offset": "126", "name": "117", "offset_factor": "1", "shape": "121", "span": "0", "strides": "124"}}, 
{"type_key": "tir.Var", "attrs": {"dtype": "handle", "name": "117", "span": "0", "type_annotation": "118"}}, 
{"type_key": "runtime.String", "repr_str": "T_matmul_NT"}, 
{"type_key": "PointerType", "attrs": {"element_type": "119", "storage_scope": "120"}}, 
{"type_key": "PrimType", "attrs": {"dtype": "float32"}}, 
{"type_key": "runtime.String", "repr_str": "global"}, 
{"type_key": "Array", "data": [122, 123]}, 
{"type_key": "IntImm", "attrs": {"dtype": "int64", "span": "0", "value": "1"}}, 
{"type_key": "IntImm", "attrs": {"dtype": "int64", "span": "0", "value": "1000"}}, 
{"type_key": "Array"}, 
{"type_key": "Array"}, 
{"type_key": "IntImm", "attrs": {"dtype": "int64", "span": "0", "value": "0"}}, 
{"type_key": "Array", "data": [128, 130]}, 
{"type_key": "Range", "attrs": {"extent": "129", "min": "56", "span": "0"}}, 
{"type_key": "IntImm", "attrs": {"dtype": "int64", "span": "0", "value": "1"}}, 
{"type_key": "Range", "attrs": {"extent": "131", "min": "64", "span": "0"}}, 
{"type_key": "IntImm", "attrs": {"dtype": "int64", "span": "0", "value": "1"}}, 
{"type_key": "runtime.String", "repr_str": "T_matmul_NT"}, 
{"type_key": "tir.BufferStore", "attrs": {"buffer": "115", "indices": "142", "span": "0", "value": "134"}}, 
{"type_key": "tir.Add", "attrs": {"a": "135", "b": "137", "dtype": "float32", "span": "0"}}, 
{"type_key": "tir.BufferLoad", "attrs": {"buffer": "115", "dtype": "float32", "indices": "136", "span": "0"}}, 
{"type_key": "Array", "data": [56, 64]}, 
{"type_key": "tir.Mul", "attrs": {"a": "138", "b": "140", "dtype": "float32", "span": "0"}}, 
{"type_key": "tir.BufferLoad", "attrs": {"buffer": "78", "dtype": "float32", "indices": "139", "span": "0"}}, 
{"type_key": "Array", "data": [56, 72]}, 
{"type_key": "tir.BufferLoad", "attrs": {"buffer": "96", "dtype": "float32", "indices": "141", "span": "0"}}, 
{"type_key": "Array", "data": [64, 72]}, 
{"type_key": "Array", "data": [56, 64]}, 
{"type_key": "tir.BufferStore", "attrs": {"buffer": "115", "indices": "145", "span": "0", "value": "144"}}, 
{"type_key": "FloatImm", "attrs": {"dtype": "float32", "span": "0", "value": "0"}}, 
{"type_key": "Array", "data": [56, 64]}, 
{"type_key": "Array"}, 
{"type_key": "Array"}, 
{"type_key": "Map"}, 
{"type_key": "Map"}, 
{"type_key": "Map"}, 
{"type_key": "Map"}, 
{"type_key": "tir.For", "attrs": {"annotations": "241", "body": "158", "extent": "157", "kind": "0", "loop_var": "153", "min": "156", "span": "0", "thread_binding": "0"}}, 
{"type_key": "tir.Var", "attrs": {"dtype": "int64", "name": "154", "span": "0", "type_annotation": "155"}}, 
{"type_key": "runtime.String", "repr_str": "ax0"}, 
{"type_key": "PrimType", "attrs": {"dtype": "int64"}}, 
{"type_key": "IntImm", "attrs": {"dtype": "int64", "span": "0", "value": "0"}}, 
{"type_key": "IntImm", "attrs": {"dtype": "int64", "span": "0", "value": "1"}}, 
{"type_key": "tir.For", "attrs": {"annotations": "240", "body": "164", "extent": "163", "kind": "0", "loop_var": "159", "min": "162", "span": "0", "thread_binding": "0"}}, 
{"type_key": "tir.Var", "attrs": {"dtype": "int64", "name": "160", "span": "0", "type_annotation": "161"}}, 
{"type_key": "runtime.String", "repr_str": "ax1"}, 
{"type_key": "PrimType", "attrs": {"dtype": "int64"}}, 
{"type_key": "IntImm", "attrs": {"dtype": "int64", "span": "0", "value": "0"}}, 
{"type_key": "IntImm", "attrs": {"dtype": "int64", "span": "0", "value": "1000"}}, 
{"type_key": "tir.BlockRealize", "attrs": {"block": "167", "iter_values": "165", "predicate": "166"}}, 
{"type_key": "Array", "data": [153, 159]}, 
{"type_key": "IntImm", "attrs": {"dtype": "bool", "span": "0", "value": "1"}}, 
{"type_key": "tir.Block", "attrs": {"alloc_buffers": "237", "annotations": "239", "body": "230", "init": "0", "iter_vars": "168", "match_buffers": "238", "name_hint": "229", "reads": "185", "writes": "210"}}, 
{"type_key": "Array", "data": [169, 177]}, 
{"type_key": "tir.IterVar", "attrs": {"dom": "170", "iter_type": "0", "span": "0", "thread_tag": "176", "var": "173"}}, 
{"type_key": "Range", "attrs": {"extent": "172", "min": "171", "span": "0"}}, 
{"type_key": "IntImm", "attrs": {"dtype": "int64", "span": "0", "value": "0"}}, 
{"type_key": "IntImm", "attrs": {"dtype": "int64", "span": "0", "value": "1"}}, 
{"type_key": "tir.Var", "attrs": {"dtype": "int64", "name": "174", "span": "0", "type_annotation": "175"}}, 
{"type_key": "runtime.String", "repr_str": "v_ax0"}, 
{"type_key": "PrimType", "attrs": {"dtype": "int64"}}, 
{"type_key": "runtime.String"}, 
{"type_key": "tir.IterVar", "attrs": {"dom": "178", "iter_type": "0", "span": "0", "thread_tag": "184", "var": "181"}}, 
{"type_key": "Range", "attrs": {"extent": "180", "min": "179", "span": "0"}}, 
{"type_key": "IntImm", "attrs": {"dtype": "int64", "span": "0", "value": "0"}}, 
{"type_key": "IntImm", "attrs": {"dtype": "int64", "span": "0", "value": "1000"}}, 
{"type_key": "tir.Var", "attrs": {"dtype": "int64", "name": "182", "span": "0", "type_annotation": "183"}}, 
{"type_key": "runtime.String", "repr_str": "v_ax1"}, 
{"type_key": "PrimType", "attrs": {"dtype": "int64"}}, 
{"type_key": "runtime.String"}, 
{"type_key": "Array", "data": [186, 192]}, 
{"type_key": "tir.BufferRegion", "attrs": {"buffer": "115", "region": "187"}}, 
{"type_key": "Array", "data": [188, 190]}, 
{"type_key": "Range", "attrs": {"extent": "189", "min": "173", "span": "0"}}, 
{"type_key": "IntImm", "attrs": {"dtype": "int64", "span": "0", "value": "1"}}, 
{"type_key": "Range", "attrs": {"extent": "191", "min": "181", "span": "0"}}, 
{"type_key": "IntImm", "attrs": {"dtype": "int64", "span": "0", "value": "1"}}, 
{"type_key": "tir.BufferRegion", "attrs": {"buffer": "193", "region": "205"}}, 
{"type_key": "tir.Buffer", "attrs": {"axis_separators": "203", "buffer_type": "1", "data": "194", "data_alignment": "64", "dtype": "float32", "elem_offset": "204", "name": "195", "offset_factor": "1", "shape": "199", "span": "0", "strides": "202"}}, 
{"type_key": "tir.Var", "attrs": {"dtype": "handle", "name": "195", "span": "0", "type_annotation": "196"}}, 
{"type_key": "runtime.String", "repr_str": "p2"}, 
{"type_key": "PointerType", "attrs": {"element_type": "197", "storage_scope": "198"}}, 
{"type_key": "PrimType", "attrs": {"dtype": "float32"}}, 
{"type_key": "runtime.String", "repr_str": "global"}, 
{"type_key": "Array", "data": [200, 201]}, 
{"type_key": "IntImm", "attrs": {"dtype": "int64", "span": "0", "value": "1"}}, 
{"type_key": "IntImm", "attrs": {"dtype": "int64", "span": "0", "value": "1000"}}, 
{"type_key": "Array"}, 
{"type_key": "Array"}, 
{"type_key": "IntImm", "attrs": {"dtype": "int64", "span": "0", "value": "0"}}, 
{"type_key": "Array", "data": [206, 208]}, 
{"type_key": "Range", "attrs": {"extent": "207", "min": "173", "span": "0"}}, 
{"type_key": "IntImm", "attrs": {"dtype": "int64", "span": "0", "value": "1"}}, 
{"type_key": "Range", "attrs": {"extent": "209", "min": "181", "span": "0"}}, 
{"type_key": "IntImm", "attrs": {"dtype": "int64", "span": "0", "value": "1"}}, 
{"type_key": "Array", "data": [211]}, 
{"type_key": "tir.BufferRegion", "attrs": {"buffer": "212", "region": "224"}}, 
{"type_key": "tir.Buffer", "attrs": {"axis_separators": "222", "buffer_type": "1", "data": "213", "data_alignment": "64", "dtype": "float32", "elem_offset": "223", "name": "214", "offset_factor": "1", "shape": "218", "span": "0", "strides": "221"}}, 
{"type_key": "tir.Var", "attrs": {"dtype": "handle", "name": "214", "span": "0", "type_annotation": "215"}}, 
{"type_key": "runtime.String", "repr_str": "T_add"}, 
{"type_key": "PointerType", "attrs": {"element_type": "216", "storage_scope": "217"}}, 
{"type_key": "PrimType", "attrs": {"dtype": "float32"}}, 
{"type_key": "runtime.String", "repr_str": "global"}, 
{"type_key": "Array", "data": [219, 220]}, 
{"type_key": "IntImm", "attrs": {"dtype": "int64", "span": "0", "value": "1"}}, 
{"type_key": "IntImm", "attrs": {"dtype": "int64", "span": "0", "value": "1000"}}, 
{"type_key": "Array"}, 
{"type_key": "Array"}, 
{"type_key": "IntImm", "attrs": {"dtype": "int64", "span": "0", "value": "0"}}, 
{"type_key": "Array", "data": [225, 227]}, 
{"type_key": "Range", "attrs": {"extent": "226", "min": "173", "span": "0"}}, 
{"type_key": "IntImm", "attrs": {"dtype": "int64", "span": "0", "value": "1"}}, 
{"type_key": "Range", "attrs": {"extent": "228", "min": "181", "span": "0"}}, 
{"type_key": "IntImm", "attrs": {"dtype": "int64", "span": "0", "value": "1"}}, 
{"type_key": "runtime.String", "repr_str": "T_add"}, 
{"type_key": "tir.BufferStore", "attrs": {"buffer": "212", "indices": "236", "span": "0", "value": "231"}}, 
{"type_key": "tir.Add", "attrs": {"a": "232", "b": "234", "dtype": "float32", "span": "0"}}, 
{"type_key": "tir.BufferLoad", "attrs": {"buffer": "115", "dtype": "float32", "indices": "233", "span": "0"}}, 
{"type_key": "Array", "data": [173, 181]}, 
{"type_key": "tir.BufferLoad", "attrs": {"buffer": "193", "dtype": "float32", "indices": "235", "span": "0"}}, 
{"type_key": "Array", "data": [173, 181]}, 
{"type_key": "Array", "data": [173, 181]}, 
{"type_key": "Array"}, 
{"type_key": "Array"}, 
{"type_key": "Map"}, 
{"type_key": "Map"}, 
{"type_key": "Map"}, 
{"type_key": "Array", "data": [115]}, 
{"type_key": "Array"}, 
{"type_key": "Map"}, 
{"type_key": "TupleType", "attrs": {"fields": "246", "span": "0"}}, 
{"type_key": "Array"}, 
{"type_key": "Map", "data": [7, 78, 10, 96, 13, 193, 16, 212]}, 
{"type_key": "DictAttrs", "attrs": {"__dict__": "249"}}, 
{"type_key": "Map", "keys": ["global_symbol", "tir.noalias", "layout_free_buffers"], "data": [250, 251, 252]}, 
{"type_key": "runtime.String", "repr_str": "main"}, 
{"type_key": "IntImm", "attrs": {"dtype": "bool", "span": "0", "value": "1"}}, 
{"type_key": "Array", "data": [253]}, 
{"type_key": "IntImm", "attrs": {"dtype": "int32", "span": "0", "value": "1"}}, 
{"type_key": "FuncType", "attrs": {"arg_types": "255", "ret_type": "245", "span": "0", "type_constraints": "257", "type_params": "256"}}, 
{"type_key": "Array", "data": [9, 12, 15, 18]}, 
{"type_key": "Array"}, 
{"type_key": "Array"}, 
{"type_key": "Map"}, 
{"type_key": "Map", "keys": ["main"], "data": [3]}, 
{"type_key": "Map"}, 
{"type_key": "SourceMap", "attrs": {"source_map": "262"}}, 
{"type_key": "Map"}], "b64ndarrays": [], "attrs": {"tvm_version": "0.14.dev0"}}]