["fused_nn_conv2d_add", {"root": 1, "nodes": [{"type_key": ""}, 
{"type_key": "IRModule", "attrs": {"attrs": "0", "functions": "2", "global_type_var_map_": "509", "global_var_map_": "508", "source_map": "510", "type_definitions": "507"}}, 
{"type_key": "Map", "data": [3, 5]}, 
{"type_key": "GlobalVar", "attrs": {"_checked_type_": "0", "name_hint": "4", "span": "0", "virtual_device_": "0"}}, 
{"type_key": "runtime.String", "repr_str": "main"}, 
{"type_key": "tir.PrimFunc", "attrs": {"_checked_type_": "503", "attrs": "497", "body": "19", "buffer_map": "496", "params": "6", "ret_type": "494", "span": "0"}}, 
{"type_key": "Array", "data": [7, 10, 13, 16]}, 
{"type_key": "tir.Var", "attrs": {"dtype": "handle", "name": "8", "span": "0", "type_annotation": "9"}}, 
{"type_key": "runtime.String", "repr_str": "var_p0"}, 
{"type_key": "PrimType", "attrs": {"dtype": "handle"}}, 
{"type_key": "tir.Var", "attrs": {"dtype": "handle", "name": "11", "span": "0", "type_annotation": "12"}}, 
{"type_key": "runtime.String", "repr_str": "var_p1"}, 
{"type_key": "PrimType", "attrs": {"dtype": "handle"}}, 
{"type_key": "tir.Var", "attrs": {"dtype": "handle", "name": "14", "span": "0", "type_annotation": "15"}}, 
{"type_key": "runtime.String", "repr_str": "var_p2"}, 
{"type_key": "PrimType", "attrs": {"dtype": "handle"}}, 
{"type_key": "tir.Var", "attrs": {"dtype": "handle", "name": "17", "span": "0", "type_annotation": "18"}}, 
{"type_key": "runtime.String", "repr_str": "var_T_add"}, 
{"type_key": "PrimType", "attrs": {"dtype": "handle"}}, 
{"type_key": "tir.BlockRealize", "attrs": {"block": "22", "iter_values": "20", "predicate": "21"}}, 
{"type_key": "Array"}, 
{"type_key": "IntImm", "attrs": {"dtype": "bool", "span": "0", "value": "1"}}, 
{"type_key": "tir.Block", "attrs": {"alloc_buffers": "491", "annotations": "493", "body": "27", "init": "0", "iter_vars": "23", "match_buffers": "492", "name_hint": "26", "reads": "24", "writes": "25"}}, 
{"type_key": "Array"}, 
{"type_key": "Array"}, 
{"type_key": "Array"}, 
{"type_key": "runtime.String", "repr_str": "root"}, 
{"type_key": "tir.SeqStmt", "attrs": {"seq": "28", "span": "0"}}, 
{"type_key": "Array", "data": [29, 152, 351]}, 
{"type_key": "tir.For", "attrs": {"annotations": "151", "body": "35", "extent": "34", "kind": "0", "loop_var": "30", "min": "33", "span": "0", "thread_binding": "0"}}, 
{"type_key": "tir.Var", "attrs": {"dtype": "int64", "name": "31", "span": "0", "type_annotation": "32"}}, 
{"type_key": "runtime.String", "repr_str": "i0"}, 
{"type_key": "PrimType", "attrs": {"dtype": "int64"}}, 
{"type_key": "IntImm", "attrs": {"dtype": "int64", "span": "0", "value": "0"}}, 
{"type_key": "IntImm", "attrs": {"dtype": "int64", "span": "0", "value": "1"}}, 
{"type_key": "tir.For", "attrs": {"annotations": "150", "body": "41", "extent": "40", "kind": "0", "loop_var": "36", "min": "39", "span": "0", "thread_binding": "0"}}, 
{"type_key": "tir.Var", "attrs": {"dtype": "int64", "name": "37", "span": "0", "type_annotation": "38"}}, 
{"type_key": "runtime.String", "repr_str": "i1"}, 
{"type_key": "PrimType", "attrs": {"dtype": "int64"}}, 
{"type_key": "IntImm", "attrs": {"dtype": "int64", "span": "0", "value": "0"}}, 
{"type_key": "IntImm", "attrs": {"dtype": "int64", "span": "0", "value": "14"}}, 
{"type_key": "tir.For", "attrs": {"annotations": "149", "body": "47", "extent": "46", "kind": "0", "loop_var": "42", "min": "45", "span": "0", "thread_binding": "0"}}, 
{"type_key": "tir.Var", "attrs": {"dtype": "int64", "name": "43", "span": "0", "type_annotation": "44"}}, 
{"type_key": "runtime.String", "repr_str": "i2"}, 
{"type_key": "PrimType", "attrs": {"dtype": "int64"}}, 
{"type_key": "IntImm", "attrs": {"dtype": "int64", "span": "0", "value": "0"}}, 
{"type_key": "IntImm", "attrs": {"dtype": "int64", "span": "0", "value": "14"}}, 
{"type_key": "tir.For", "attrs": {"annotations": "148", "body": "53", "extent": "52", "kind": "0", "loop_var": "48", "min": "51", "span": "0", "thread_binding": "0"}}, 
{"type_key": "tir.Var", "attrs": {"dtype": "int64", "name": "49", "span": "0", "type_annotation": "50"}}, 
{"type_key": "runtime.String", "repr_str": "i3"}, 
{"type_key": "PrimType", "attrs": {"dtype": "int64"}}, 
{"type_key": "IntImm", "attrs": {"dtype": "int64", "span": "0", "value": "0"}}, 
{"type_key": "IntImm", "attrs": {"dtype": "int64", "span": "0", "value": "256"}}, 
{"type_key": "tir.BlockRealize", "attrs": {"block": "56", "iter_values": "54", "predicate": "55"}}, 
{"type_key": "Array", "data": [30, 36, 42, 48]}, 
{"type_key": "IntImm", "attrs": {"dtype": "bool", "span": "0", "value": "1"}}, 
{"type_key": "tir.Block", "attrs": {"alloc_buffers": "145", "annotations": "147", "body": "141", "init": "0", "iter_vars": "57", "match_buffers": "146", "name_hint": "140", "reads": "90", "writes": "115"}}, 
{"type_key": "Array", "data": [58, 66, 74, 82]}, 
{"type_key": "tir.IterVar", "attrs": {"dom": "59", "iter_type": "0", "span": "0", "thread_tag": "65", "var": "62"}}, 
{"type_key": "Range", "attrs": {"extent": "61", "min": "60", "span": "0"}}, 
{"type_key": "IntImm", "attrs": {"dtype": "int64", "span": "0", "value": "0"}}, 
{"type_key": "IntImm", "attrs": {"dtype": "int64", "span": "0", "value": "1"}}, 
{"type_key": "tir.Var", "attrs": {"dtype": "int64", "name": "63", "span": "0", "type_annotation": "64"}}, 
{"type_key": "runtime.String", "repr_str": "v_i0"}, 
{"type_key": "PrimType", "attrs": {"dtype": "int64"}}, 
{"type_key": "runtime.String"}, 
{"type_key": "tir.IterVar", "attrs": {"dom": "67", "iter_type": "0", "span": "0", "thread_tag": "73", "var": "70"}}, 
{"type_key": "Range", "attrs": {"extent": "69", "min": "68", "span": "0"}}, 
{"type_key": "IntImm", "attrs": {"dtype": "int64", "span": "0", "value": "0"}}, 
{"type_key": "IntImm", "attrs": {"dtype": "int64", "span": "0", "value": "14"}}, 
{"type_key": "tir.Var", "attrs": {"dtype": "int64", "name": "71", "span": "0", "type_annotation": "72"}}, 
{"type_key": "runtime.String", "repr_str": "v_i1"}, 
{"type_key": "PrimType", "attrs": {"dtype": "int64"}}, 
{"type_key": "runtime.String"}, 
{"type_key": "tir.IterVar", "attrs": {"dom": "75", "iter_type": "0", "span": "0", "thread_tag": "81", "var": "78"}}, 
{"type_key": "Range", "attrs": {"extent": "77", "min": "76", "span": "0"}}, 
{"type_key": "IntImm", "attrs": {"dtype": "int64", "span": "0", "value": "0"}}, 
{"type_key": "IntImm", "attrs": {"dtype": "int64", "span": "0", "value": "14"}}, 
{"type_key": "tir.Var", "attrs": {"dtype": "int64", "name": "79", "span": "0", "type_annotation": "80"}}, 
{"type_key": "runtime.String", "repr_str": "v_i2"}, 
{"type_key": "PrimType", "attrs": {"dtype": "int64"}}, 
{"type_key": "runtime.String"}, 
{"type_key": "tir.IterVar", "attrs": {"dom": "83", "iter_type": "0", "span": "0", "thread_tag": "89", "var": "86"}}, 
{"type_key": "Range", "attrs": {"extent": "85", "min": "84", "span": "0"}}, 
{"type_key": "IntImm", "attrs": {"dtype": "int64", "span": "0", "value": "0"}}, 
{"type_key": "IntImm", "attrs": {"dtype": "int64", "span": "0", "value": "256"}}, 
{"type_key": "tir.Var", "attrs": {"dtype": "int64", "name": "87", "span": "0", "type_annotation": "88"}}, 
{"type_key": "runtime.String", "repr_str": "v_i3"}, 
{"type_key": "PrimType", "attrs": {"dtype": "int64"}}, 
{"type_key": "runtime.String"}, 
{"type_key": "Array", "data": [91]}, 
{"type_key": "tir.BufferRegion", "attrs": {"buffer": "92", "region": "106"}}, 
{"type_key": "tir.Buffer", "attrs": {"axis_separators": "104", "buffer_type": "1", "data": "93", "data_alignment": "64", "dtype": "float32", "elem_offset": "105", "name": "94", "offset_factor": "1", "shape": "98", "span": "0", "strides": "103"}}, 
{"type_key": "tir.Var", "attrs": {"dtype": "handle", "name": "94", "span": "0", "type_annotation": "95"}}, 
{"type_key": "runtime.String", "repr_str": "p0"}, 
{"type_key": "PointerType", "attrs": {"element_type": "96", "storage_scope": "97"}}, 
{"type_key": "PrimType", "attrs": {"dtype": "float32"}}, 
{"type_key": "runtime.String", "repr_str": "global"}, 
{"type_key": "Array", "data": [99, 100, 101, 102]}, 
{"type_key": "IntImm", "attrs": {"dtype": "int64", "span": "0", "value": "1"}}, 
{"type_key": "IntImm", "attrs": {"dtype": "int64", "span": "0", "value": "14"}}, 
{"type_key": "IntImm", "attrs": {"dtype": "int64", "span": "0", "value": "14"}}, 
{"type_key": "IntImm", "attrs": {"dtype": "int64", "span": "0", "value": "256"}}, 
{"type_key": "Array"}, 
{"type_key": "Array"}, 
{"type_key": "IntImm", "attrs": {"dtype": "int64", "span": "0", "value": "0"}}, 
{"type_key": "Array", "data": [107, 109, 111, 113]}, 
{"type_key": "Range", "attrs": {"extent": "108", "min": "62", "span": "0"}}, 
{"type_key": "IntImm", "attrs": {"dtype": "int64", "span": "0", "value": "1"}}, 
{"type_key": "Range", "attrs": {"extent": "110", "min": "70", "span": "0"}}, 
{"type_key": "IntImm", "attrs": {"dtype": "int64", "span": "0", "value": "1"}}, 
{"type_key": "Range", "attrs": {"extent": "112", "min": "78", "span": "0"}}, 
{"type_key": "IntImm", "attrs": {"dtype": "int64", "span": "0", "value": "1"}}, 
{"type_key": "Range", "attrs": {"extent": "114", "min": "86", "span": "0"}}, 
{"type_key": "IntImm", "attrs": {"dtype": "int64", "span": "0", "value": "1"}}, 
{"type_key": "Array", "data": [116]}, 
{"type_key": "tir.BufferRegion", "attrs": {"buffer": "117", "region": "131"}}, 
{"type_key": "tir.Buffer", "attrs": {"axis_separators": "129", "buffer_type": "1", "data": "118", "data_alignment": "64", "dtype": "float32", "elem_offset": "130", "name": "119", "offset_factor": "1", "shape": "123", "span": "0", "strides": "128"}}, 
{"type_key": "tir.Var", "attrs": {"dtype": "handle", "name": "119", "span": "0", "type_annotation": "120"}}, 
{"type_key": "runtime.String", "repr_str": "pad_temp"}, 
{"type_key": "PointerType", "attrs": {"element_type": "121", "storage_scope": "122"}}, 
{"type_key": "PrimType", "attrs": {"dtype": "float32"}}, 
{"type_key": "runtime.String", "repr_str": "global"}, 
{"type_key": "Array", "data": [124, 125, 126, 127]}, 
{"type_key": "IntImm", "attrs": {"dtype": "int64", "span": "0", "value": "1"}}, 
{"type_key": "IntImm", "attrs": {"dtype": "int64", "span": "0", "value": "14"}}, 
{"type_key": "IntImm", "attrs": {"dtype": "int64", "span": "0", "value": "14"}}, 
{"type_key": "IntImm", "attrs": {"dtype": "int64", "span": "0", "value": "256"}}, 
{"type_key": "Array"}, 
{"type_key": "Array"}, 
{"type_key": "IntImm", "attrs": {"dtype": "int64", "span": "0", "value": "0"}}, 
{"type_key": "Array", "data": [132, 134, 136, 138]}, 
{"type_key": "Range", "attrs": {"extent": "133", "min": "62", "span": "0"}}, 
{"type_key": "IntImm", "attrs": {"dtype": "int64", "span": "0", "value": "1"}}, 
{"type_key": "Range", "attrs": {"extent": "135", "min": "70", "span": "0"}}, 
{"type_key": "IntImm", "attrs": {"dtype": "int64", "span": "0", "value": "1"}}, 
{"type_key": "Range", "attrs": {"extent": "137", "min": "78", "span": "0"}}, 
{"type_key": "IntImm", "attrs": {"dtype": "int64", "span": "0", "value": "1"}}, 
{"type_key": "Range", "attrs": {"extent": "139", "min": "86", "span": "0"}}, 
{"type_key": "IntImm", "attrs": {"dtype": "int64", "span": "0", "value": "1"}}, 
{"type_key": "runtime.String", "repr_str": "pad_temp"}, 
{"type_key": "tir.BufferStore", "attrs": {"buffer": "117", "indices": "144", "span": "0", "value": "142"}}, 
{"type_key": "tir.BufferLoad", "attrs": {"buffer": "92", "dtype": "float32", "indices": "143", "span": "0"}}, 
{"type_key": "Array", "data": [62, 70, 78, 86]}, 
{"type_key": "Array", "data": [62, 70, 78, 86]}, 
{"type_key": "Array"}, 
{"type_key": "Array"}, 
{"type_key": "Map"}, 
{"type_key": "Map"}, 
{"type_key": "Map"}, 
{"type_key": "Map"}, 
{"type_key": "Map"}, 
{"type_key": "tir.For", "attrs": {"annotations": "350", "body": "158", "extent": "157", "kind": "0", "loop_var": "153", "min": "156", "span": "0", "thread_binding": "0"}}, 
{"type_key": "tir.Var", "attrs": {"dtype": "int64", "name": "154", "span": "0", "type_annotation": "155"}}, 
{"type_key": "runtime.String", "repr_str": "nn"}, 
{"type_key": "PrimType", "attrs": {"dtype": "int64"}}, 
{"type_key": "IntImm", "attrs": {"dtype": "int64", "span": "0", "value": "0"}}, 
{"type_key": "IntImm", "attrs": {"dtype": "int64", "span": "0", "value": "1"}}, 
{"type_key": "tir.For", "attrs": {"annotations": "349", "body": "164", "extent": "163", "kind": "0", "loop_var": "159", "min": "162", "span": "0", "thread_binding": "0"}}, 
{"type_key": "tir.Var", "attrs": {"dtype": "int64", "name": "160", "span": "0", "type_annotation": "161"}}, 
{"type_key": "runtime.String", "repr_str": "yy"}, 
{"type_key": "PrimType", "attrs": {"dtype": "int64"}}, 
{"type_key": "IntImm", "attrs": {"dtype": "int64", "span": "0", "value": "0"}}, 
{"type_key": "IntImm", "attrs": {"dtype": "int64", "span": "0", "value": "7"}}, 
{"type_key": "tir.For", "attrs": {"annotations": "348", "body": "170", "extent": "169", "kind": "0", "loop_var": "165", "min": "168", "span": "0", "thread_binding": "0"}}, 
{"type_key": "tir.Var", "attrs": {"dtype": "int64", "name": "166", "span": "0", "type_annotation": "167"}}, 
{"type_key": "runtime.String", "repr_str": "xx"}, 
{"type_key": "PrimType", "attrs": {"dtype": "int64"}}, 
{"type_key": "IntImm", "attrs": {"dtype": "int64", "span": "0", "value": "0"}}, 
{"type_key": "IntImm", "attrs": {"dtype": "int64", "span": "0", "value": "7"}}, 
{"type_key": "tir.For", "attrs": {"annotations": "347", "body": "176", "extent": "175", "kind": "0", "loop_var": "171", "min": "174", "span": "0", "thread_binding": "0"}}, 
{"type_key": "tir.Var", "attrs": {"dtype": "int64", "name": "172", "span": "0", "type_annotation": "173"}}, 
{"type_key": "runtime.String", "repr_str": "ff"}, 
{"type_key": "PrimType", "attrs": {"dtype": "int64"}}, 
{"type_key": "IntImm", "attrs": {"dtype": "int64", "span": "0", "value": "0"}}, 
{"type_key": "IntImm", "attrs": {"dtype": "int64", "span": "0", "value": "512"}}, 
{"type_key": "tir.For", "attrs": {"annotations": "346", "body": "182", "extent": "181", "kind": "0", "loop_var": "177", "min": "180", "span": "0", "thread_binding": "0"}}, 
{"type_key": "tir.Var", "attrs": {"dtype": "int64", "name": "178", "span": "0", "type_annotation": "179"}}, 
{"type_key": "runtime.String", "repr_str": "ry"}, 
{"type_key": "PrimType", "attrs": {"dtype": "int64"}}, 
{"type_key": "IntImm", "attrs": {"dtype": "int64", "span": "0", "value": "0"}}, 
{"type_key": "IntImm", "attrs": {"dtype": "int64", "span": "0", "value": "1"}}, 
{"type_key": "tir.For", "attrs": {"annotations": "345", "body": "188", "extent": "187", "kind": "0", "loop_var": "183", "min": "186", "span": "0", "thread_binding": "0"}}, 
{"type_key": "tir.Var", "attrs": {"dtype": "int64", "name": "184", "span": "0", "type_annotation": "185"}}, 
{"type_key": "runtime.String", "repr_str": "rx"}, 
{"type_key": "PrimType", "attrs": {"dtype": "int64"}}, 
{"type_key": "IntImm", "attrs": {"dtype": "int64", "span": "0", "value": "0"}}, 
{"type_key": "IntImm", "attrs": {"dtype": "int64", "span": "0", "value": "1"}}, 
{"type_key": "tir.For", "attrs": {"annotations": "344", "body": "194", "extent": "193", "kind": "0", "loop_var": "189", "min": "192", "span": "0", "thread_binding": "0"}}, 
{"type_key": "tir.Var", "attrs": {"dtype": "int64", "name": "190", "span": "0", "type_annotation": "191"}}, 
{"type_key": "runtime.String", "repr_str": "rc"}, 
{"type_key": "PrimType", "attrs": {"dtype": "int64"}}, 
{"type_key": "IntImm", "attrs": {"dtype": "int64", "span": "0", "value": "0"}}, 
{"type_key": "IntImm", "attrs": {"dtype": "int64", "span": "0", "value": "256"}}, 
{"type_key": "tir.BlockRealize", "attrs": {"block": "197", "iter_values": "195", "predicate": "196"}}, 
{"type_key": "Array", "data": [153, 159, 165, 171, 177, 183, 189]}, 
{"type_key": "IntImm", "attrs": {"dtype": "bool", "span": "0", "value": "1"}}, 
{"type_key": "tir.Block", "attrs": {"alloc_buffers": "341", "annotations": "343", "body": "322", "init": "338", "iter_vars": "198", "match_buffers": "342", "name_hint": "321", "reads": "255", "writes": "296"}}, 
{"type_key": "Array", "data": [199, 207, 215, 223, 231, 239, 247]}, 
{"type_key": "tir.IterVar", "attrs": {"dom": "200", "iter_type": "0", "span": "0", "thread_tag": "206", "var": "203"}}, 
{"type_key": "Range", "attrs": {"extent": "202", "min": "201", "span": "0"}}, 
{"type_key": "IntImm", "attrs": {"dtype": "int64", "span": "0", "value": "0"}}, 
{"type_key": "IntImm", "attrs": {"dtype": "int64", "span": "0", "value": "1"}}, 
{"type_key": "tir.Var", "attrs": {"dtype": "int64", "name": "204", "span": "0", "type_annotation": "205"}}, 
{"type_key": "runtime.String", "repr_str": "v_nn"}, 
{"type_key": "PrimType", "attrs": {"dtype": "int64"}}, 
{"type_key": "runtime.String"}, 
{"type_key": "tir.IterVar", "attrs": {"dom": "208", "iter_type": "0", "span": "0", "thread_tag": "214", "var": "211"}}, 
{"type_key": "Range", "attrs": {"extent": "210", "min": "209", "span": "0"}}, 
{"type_key": "IntImm", "attrs": {"dtype": "int64", "span": "0", "value": "0"}}, 
{"type_key": "IntImm", "attrs": {"dtype": "int64", "span": "0", "value": "7"}}, 
{"type_key": "tir.Var", "attrs": {"dtype": "int64", "name": "212", "span": "0", "type_annotation": "213"}}, 
{"type_key": "runtime.String", "repr_str": "v_yy"}, 
{"type_key": "PrimType", "attrs": {"dtype": "int64"}}, 
{"type_key": "runtime.String"}, 
{"type_key": "tir.IterVar", "attrs": {"dom": "216", "iter_type": "0", "span": "0", "thread_tag": "222", "var": "219"}}, 
{"type_key": "Range", "attrs": {"extent": "218", "min": "217", "span": "0"}}, 
{"type_key": "IntImm", "attrs": {"dtype": "int64", "span": "0", "value": "0"}}, 
{"type_key": "IntImm", "attrs": {"dtype": "int64", "span": "0", "value": "7"}}, 
{"type_key": "tir.Var", "attrs": {"dtype": "int64", "name": "220", "span": "0", "type_annotation": "221"}}, 
{"type_key": "runtime.String", "repr_str": "v_xx"}, 
{"type_key": "PrimType", "attrs": {"dtype": "int64"}}, 
{"type_key": "runtime.String"}, 
{"type_key": "tir.IterVar", "attrs": {"dom": "224", "iter_type": "0", "span": "0", "thread_tag": "230", "var": "227"}}, 
{"type_key": "Range", "attrs": {"extent": "226", "min": "225", "span": "0"}}, 
{"type_key": "IntImm", "attrs": {"dtype": "int64", "span": "0", "value": "0"}}, 
{"type_key": "IntImm", "attrs": {"dtype": "int64", "span": "0", "value": "512"}}, 
{"type_key": "tir.Var", "attrs": {"dtype": "int64", "name": "228", "span": "0", "type_annotation": "229"}}, 
{"type_key": "runtime.String", "repr_str": "v_ff"}, 
{"type_key": "PrimType", "attrs": {"dtype": "int64"}}, 
{"type_key": "runtime.String"}, 
{"type_key": "tir.IterVar", "attrs": {"dom": "232", "iter_type": "2", "span": "0", "thread_tag": "238", "var": "235"}}, 
{"type_key": "Range", "attrs": {"extent": "234", "min": "233", "span": "0"}}, 
{"type_key": "IntImm", "attrs": {"dtype": "int64", "span": "0", "value": "0"}}, 
{"type_key": "IntImm", "attrs": {"dtype": "int64", "span": "0", "value": "1"}}, 
{"type_key": "tir.Var", "attrs": {"dtype": "int64", "name": "236", "span": "0", "type_annotation": "237"}}, 
{"type_key": "runtime.String", "repr_str": "v_ry"}, 
{"type_key": "PrimType", "attrs": {"dtype": "int64"}}, 
{"type_key": "runtime.String"}, 
{"type_key": "tir.IterVar", "attrs": {"dom": "240", "iter_type": "2", "span": "0", "thread_tag": "246", "var": "243"}}, 
{"type_key": "Range", "attrs": {"extent": "242", "min": "241", "span": "0"}}, 
{"type_key": "IntImm", "attrs": {"dtype": "int64", "span": "0", "value": "0"}}, 
{"type_key": "IntImm", "attrs": {"dtype": "int64", "span": "0", "value": "1"}}, 
{"type_key": "tir.Var", "attrs": {"dtype": "int64", "name": "244", "span": "0", "type_annotation": "245"}}, 
{"type_key": "runtime.String", "repr_str": "v_rx"}, 
{"type_key": "PrimType", "attrs": {"dtype": "int64"}}, 
{"type_key": "runtime.String"}, 
{"type_key": "tir.IterVar", "attrs": {"dom": "248", "iter_type": "2", "span": "0", "thread_tag": "254", "var": "251"}}, 
{"type_key": "Range", "attrs": {"extent": "250", "min": "249", "span": "0"}}, 
{"type_key": "IntImm", "attrs": {"dtype": "int64", "span": "0", "value": "0"}}, 
{"type_key": "IntImm", "attrs": {"dtype": "int64", "span": "0", "value": "256"}}, 
{"type_key": "tir.Var", "attrs": {"dtype": "int64", "name": "252", "span": "0", "type_annotation": "253"}}, 
{"type_key": "runtime.String", "repr_str": "v_rc"}, 
{"type_key": "PrimType", "attrs": {"dtype": "int64"}}, 
{"type_key": "runtime.String"}, 
{"type_key": "Array", "data": [256, 272]}, 
{"type_key": "tir.BufferRegion", "attrs": {"buffer": "117", "region": "257"}}, 
{"type_key": "Array", "data": [258, 260, 265, 270]}, 
{"type_key": "Range", "attrs": {"extent": "259", "min": "203", "span": "0"}}, 
{"type_key": "IntImm", "attrs": {"dtype": "int64", "span": "0", "value": "1"}}, 
{"type_key": "Range", "attrs": {"extent": "264", "min": "261", "span": "0"}}, 
{"type_key": "tir.Add", "attrs": {"a": "262", "b": "235", "dtype": "int64", "span": "0"}}, 
{"type_key": "tir.Mul", "attrs": {"a": "211", "b": "263", "dtype": "int64", "span": "0"}}, 
{"type_key": "IntImm", "attrs": {"dtype": "int64", "span": "0", "value": "2"}}, 
{"type_key": "IntImm", "attrs": {"dtype": "int64", "span": "0", "value": "1"}}, 
{"type_key": "Range", "attrs": {"extent": "269", "min": "266", "span": "0"}}, 
{"type_key": "tir.Add", "attrs": {"a": "267", "b": "243", "dtype": "int64", "span": "0"}}, 
{"type_key": "tir.Mul", "attrs": {"a": "219", "b": "268", "dtype": "int64", "span": "0"}}, 
{"type_key": "IntImm", "attrs": {"dtype": "int64", "span": "0", "value": "2"}}, 
{"type_key": "IntImm", "attrs": {"dtype": "int64", "span": "0", "value": "1"}}, 
{"type_key": "Range", "attrs": {"extent": "271", "min": "251", "span": "0"}}, 
{"type_key": "IntImm", "attrs": {"dtype": "int64", "span": "0", "value": "1"}}, 
{"type_key": "tir.BufferRegion", "attrs": {"buffer": "273", "region": "287"}}, 
{"type_key": "tir.Buffer", "attrs": {"axis_separators": "285", "buffer_type": "1", "data": "274", "data_alignment": "64", "dtype": "float32", "elem_offset": "286", "name": "275", "offset_factor": "1", "shape": "279", "span": "0", "strides": "284"}}, 
{"type_key": "tir.Var", "attrs": {"dtype": "handle", "name": "275", "span": "0", "type_annotation": "276"}}, 
{"type_key": "runtime.String", "repr_str": "p1"}, 
{"type_key": "PointerType", "attrs": {"element_type": "277", "storage_scope": "278"}}, 
{"type_key": "PrimType", "attrs": {"dtype": "float32"}}, 
{"type_key": "runtime.String", "repr_str": "global"}, 
{"type_key": "Array", "data": [280, 281, 282, 283]}, 
{"type_key": "IntImm", "attrs": {"dtype": "int64", "span": "0", "value": "1"}}, 
{"type_key": "IntImm", "attrs": {"dtype": "int64", "span": "0", "value": "1"}}, 
{"type_key": "IntImm", "attrs": {"dtype": "int64", "span": "0", "value": "256"}}, 
{"type_key": "IntImm", "attrs": {"dtype": "int64", "span": "0", "value": "512"}}, 
{"type_key": "Array"}, 
{"type_key": "Array"}, 
{"type_key": "IntImm", "attrs": {"dtype": "int64", "span": "0", "value": "0"}}, 
{"type_key": "Array", "data": [288, 290, 292, 294]}, 
{"type_key": "Range", "attrs": {"extent": "289", "min": "235", "span": "0"}}, 
{"type_key": "IntImm", "attrs": {"dtype": "int64", "span": "0", "value": "1"}}, 
{"type_key": "Range", "attrs": {"extent": "291", "min": "243", "span": "0"}}, 
{"type_key": "IntImm", "attrs": {"dtype": "int64", "span": "0", "value": "1"}}, 
{"type_key": "Range", "attrs": {"extent": "293", "min": "251", "span": "0"}}, 
{"type_key": "IntImm", "attrs": {"dtype": "int64", "span": "0", "value": "1"}}, 
{"type_key": "Range", "attrs": {"extent": "295", "min": "227", "span": "0"}}, 
{"type_key": "IntImm", "attrs": {"dtype": "int64", "span": "0", "value": "1"}}, 
{"type_key": "Array", "data": [297]}, 
{"type_key": "tir.BufferRegion", "attrs": {"buffer": "298", "region": "312"}}, 
{"type_key": "tir.Buffer", "attrs": {"axis_separators": "310", "buffer_type": "1", "data": "299", "data_alignment": "64", "dtype": "float32", "elem_offset": "311", "name": "300", "offset_factor": "1", "shape": "304", "span": "0", "strides": "309"}}, 
{"type_key": "tir.Var", "attrs": {"dtype": "handle", "name": "300", "span": "0", "type_annotation": "301"}}, 
{"type_key": "runtime.String", "repr_str": "conv2d_nhwc"}, 
{"type_key": "PointerType", "attrs": {"element_type": "302", "storage_scope": "303"}}, 
{"type_key": "PrimType", "attrs": {"dtype": "float32"}}, 
{"type_key": "runtime.String", "repr_str": "global"}, 
{"type_key": "Array", "data": [305, 306, 307, 308]}, 
{"type_key": "IntImm", "attrs": {"dtype": "int64", "span": "0", "value": "1"}}, 
{"type_key": "IntImm", "attrs": {"dtype": "int64", "span": "0", "value": "7"}}, 
{"type_key": "IntImm", "attrs": {"dtype": "int64", "span": "0", "value": "7"}}, 
{"type_key": "IntImm", "attrs": {"dtype": "int64", "span": "0", "value": "512"}}, 
{"type_key": "Array"}, 
{"type_key": "Array"}, 
{"type_key": "IntImm", "attrs": {"dtype": "int64", "span": "0", "value": "0"}}, 
{"type_key": "Array", "data": [313, 315, 317, 319]}, 
{"type_key": "Range", "attrs": {"extent": "314", "min": "203", "span": "0"}}, 
{"type_key": "IntImm", "attrs": {"dtype": "int64", "span": "0", "value": "1"}}, 
{"type_key": "Range", "attrs": {"extent": "316", "min": "211", "span": "0"}}, 
{"type_key": "IntImm", "attrs": {"dtype": "int64", "span": "0", "value": "1"}}, 
{"type_key": "Range", "attrs": {"extent": "318", "min": "219", "span": "0"}}, 
{"type_key": "IntImm", "attrs": {"dtype": "int64", "span": "0", "value": "1"}}, 
{"type_key": "Range", "attrs": {"extent": "320", "min": "227", "span": "0"}}, 
{"type_key": "IntImm", "attrs": {"dtype": "int64", "span": "0", "value": "1"}}, 
{"type_key": "runtime.String", "repr_str": "conv2d_nhwc"}, 
{"type_key": "tir.BufferStore", "attrs": {"buffer": "298", "indices": "337", "span": "0", "value": "323"}}, 
{"type_key": "tir.Add", "attrs": {"a": "324", "b": "326", "dtype": "float32", "span": "0"}}, 
{"type_key": "tir.BufferLoad", "attrs": {"buffer": "298", "dtype": "float32", "indices": "325", "span": "0"}}, 
{"type_key": "Array", "data": [203, 211, 219, 227]}, 
{"type_key": "tir.Mul", "attrs": {"a": "327", "b": "335", "dtype": "float32", "span": "0"}}, 
{"type_key": "tir.BufferLoad", "attrs": {"buffer": "117", "dtype": "float32", "indices": "328", "span": "0"}}, 
{"type_key": "Array", "data": [203, 329, 332, 251]}, 
{"type_key": "tir.Add", "attrs": {"a": "330", "b": "235", "dtype": "int64", "span": "0"}}, 
{"type_key": "tir.Mul", "attrs": {"a": "211", "b": "331", "dtype": "int64", "span": "0"}}, 
{"type_key": "IntImm", "attrs": {"dtype": "int64", "span": "0", "value": "2"}}, 
{"type_key": "tir.Add", "attrs": {"a": "333", "b": "243", "dtype": "int64", "span": "0"}}, 
{"type_key": "tir.Mul", "attrs": {"a": "219", "b": "334", "dtype": "int64", "span": "0"}}, 
{"type_key": "IntImm", "attrs": {"dtype": "int64", "span": "0", "value": "2"}}, 
{"type_key": "tir.BufferLoad", "attrs": {"buffer": "273", "dtype": "float32", "indices": "336", "span": "0"}}, 
{"type_key": "Array", "data": [235, 243, 251, 227]}, 
{"type_key": "Array", "data": [203, 211, 219, 227]}, 
{"type_key": "tir.BufferStore", "attrs": {"buffer": "298", "indices": "340", "span": "0", "value": "339"}}, 
{"type_key": "FloatImm", "attrs": {"dtype": "float32", "span": "0", "value": "0"}}, 
{"type_key": "Array", "data": [203, 211, 219, 227]}, 
{"type_key": "Array"}, 
{"type_key": "Array"}, 
{"type_key": "Map"}, 
{"type_key": "Map"}, 
{"type_key": "Map"}, 
{"type_key": "Map"}, 
{"type_key": "Map"}, 
{"type_key": "Map"}, 
{"type_key": "Map"}, 
{"type_key": "Map"}, 
{"type_key": "tir.For", "attrs": {"annotations": "490", "body": "357", "extent": "356", "kind": "0", "loop_var": "352", "min": "355", "span": "0", "thread_binding": "0"}}, 
{"type_key": "tir.Var", "attrs": {"dtype": "int64", "name": "353", "span": "0", "type_annotation": "354"}}, 
{"type_key": "runtime.String", "repr_str": "ax0"}, 
{"type_key": "PrimType", "attrs": {"dtype": "int64"}}, 
{"type_key": "IntImm", "attrs": {"dtype": "int64", "span": "0", "value": "0"}}, 
{"type_key": "IntImm", "attrs": {"dtype": "int64", "span": "0", "value": "1"}}, 
{"type_key": "tir.For", "attrs": {"annotations": "489", "body": "363", "extent": "362", "kind": "0", "loop_var": "358", "min": "361", "span": "0", "thread_binding": "0"}}, 
{"type_key": "tir.Var", "attrs": {"dtype": "int64", "name": "359", "span": "0", "type_annotation": "360"}}, 
{"type_key": "runtime.String", "repr_str": "ax1"}, 
{"type_key": "PrimType", "attrs": {"dtype": "int64"}}, 
{"type_key": "IntImm", "attrs": {"dtype": "int64", "span": "0", "value": "0"}}, 
{"type_key": "IntImm", "attrs": {"dtype": "int64", "span": "0", "value": "7"}}, 
{"type_key": "tir.For", "attrs": {"annotations": "488", "body": "369", "extent": "368", "kind": "0", "loop_var": "364", "min": "367", "span": "0", "thread_binding": "0"}}, 
{"type_key": "tir.Var", "attrs": {"dtype": "int64", "name": "365", "span": "0", "type_annotation": "366"}}, 
{"type_key": "runtime.String", "repr_str": "ax2"}, 
{"type_key": "PrimType", "attrs": {"dtype": "int64"}}, 
{"type_key": "IntImm", "attrs": {"dtype": "int64", "span": "0", "value": "0"}}, 
{"type_key": "IntImm", "attrs": {"dtype": "int64", "span": "0", "value": "7"}}, 
{"type_key": "tir.For", "attrs": {"annotations": "487", "body": "375", "extent": "374", "kind": "0", "loop_var": "370", "min": "373", "span": "0", "thread_binding": "0"}}, 
{"type_key": "tir.Var", "attrs": {"dtype": "int64", "name": "371", "span": "0", "type_annotation": "372"}}, 
{"type_key": "runtime.String", "repr_str": "ax3"}, 
{"type_key": "PrimType", "attrs": {"dtype": "int64"}}, 
{"type_key": "IntImm", "attrs": {"dtype": "int64", "span": "0", "value": "0"}}, 
{"type_key": "IntImm", "attrs": {"dtype": "int64", "span": "0", "value": "512"}}, 
{"type_key": "tir.BlockRealize", "attrs": {"block": "378", "iter_values": "376", "predicate": "377"}}, 
{"type_key": "Array", "data": [352, 358, 364, 370]}, 
{"type_key": "IntImm", "attrs": {"dtype": "bool", "span": "0", "value": "1"}}, 
{"type_key": "tir.Block", "attrs": {"alloc_buffers": "484", "annotations": "486", "body": "475", "init": "0", "iter_vars": "379", "match_buffers": "485", "name_hint": "474", "reads": "412", "writes": "449"}}, 
{"type_key": "Array", "data": [380, 388, 396, 404]}, 
{"type_key": "tir.IterVar", "attrs": {"dom": "381", "iter_type": "0", "span": "0", "thread_tag": "387", "var": "384"}}, 
{"type_key": "Range", "attrs": {"extent": "383", "min": "382", "span": "0"}}, 
{"type_key": "IntImm", "attrs": {"dtype": "int64", "span": "0", "value": "0"}}, 
{"type_key": "IntImm", "attrs": {"dtype": "int64", "span": "0", "value": "1"}}, 
{"type_key": "tir.Var", "attrs": {"dtype": "int64", "name": "385", "span": "0", "type_annotation": "386"}}, 
{"type_key": "runtime.String", "repr_str": "v_ax0"}, 
{"type_key": "PrimType", "attrs": {"dtype": "int64"}}, 
{"type_key": "runtime.String"}, 
{"type_key": "tir.IterVar", "attrs": {"dom": "389", "iter_type": "0", "span": "0", "thread_tag": "395", "var": "392"}}, 
{"type_key": "Range", "attrs": {"extent": "391", "min": "390", "span": "0"}}, 
{"type_key": "IntImm", "attrs": {"dtype": "int64", "span": "0", "value": "0"}}, 
{"type_key": "IntImm", "attrs": {"dtype": "int64", "span": "0", "value": "7"}}, 
{"type_key": "tir.Var", "attrs": {"dtype": "int64", "name": "393", "span": "0", "type_annotation": "394"}}, 
{"type_key": "runtime.String", "repr_str": "v_ax1"}, 
{"type_key": "PrimType", "attrs": {"dtype": "int64"}}, 
{"type_key": "runtime.String"}, 
{"type_key": "tir.IterVar", "attrs": {"dom": "397", "iter_type": "0", "span": "0", "thread_tag": "403", "var": "400"}}, 
{"type_key": "Range", "attrs": {"extent": "399", "min": "398", "span": "0"}}, 
{"type_key": "IntImm", "attrs": {"dtype": "int64", "span": "0", "value": "0"}}, 
{"type_key": "IntImm", "attrs": {"dtype": "int64", "span": "0", "value": "7"}}, 
{"type_key": "tir.Var", "attrs": {"dtype": "int64", "name": "401", "span": "0", "type_annotation": "402"}}, 
{"type_key": "runtime.String", "repr_str": "v_ax2"}, 
{"type_key": "PrimType", "attrs": {"dtype": "int64"}}, 
{"type_key": "runtime.String"}, 
{"type_key": "tir.IterVar", "attrs": {"dom": "405", "iter_type": "0", "span": "0", "thread_tag": "411", "var": "408"}}, 
{"type_key": "Range", "attrs": {"extent": "407", "min": "406", "span": "0"}}, 
{"type_key": "IntImm", "attrs": {"dtype": "int64", "span": "0", "value": "0"}}, 
{"type_key": "IntImm", "attrs": {"dtype": "int64", "span": "0", "value": "512"}}, 
{"type_key": "tir.Var", "attrs": {"dtype": "int64", "name": "409", "span": "0", "type_annotation": "410"}}, 
{"type_key": "runtime.String", "repr_str": "v_ax3"}, 
{"type_key": "PrimType", "attrs": {"dtype": "int64"}}, 
{"type_key": "runtime.String"}, 
{"type_key": "Array", "data": [413, 423]}, 
{"type_key": "tir.BufferRegion", "attrs": {"buffer": "298", "region": "414"}}, 
{"type_key": "Array", "data": [415, 417, 419, 421]}, 
{"type_key": "Range", "attrs": {"extent": "416", "min": "384", "span": "0"}}, 
{"type_key": "IntImm", "attrs": {"dtype": "int64", "span": "0", "value": "1"}}, 
{"type_key": "Range", "attrs": {"extent": "418", "min": "392", "span": "0"}}, 
{"type_key": "IntImm", "attrs": {"dtype": "int64", "span": "0", "value": "1"}}, 
{"type_key": "Range", "attrs": {"extent": "420", "min": "400", "span": "0"}}, 
{"type_key": "IntImm", "attrs": {"dtype": "int64", "span": "0", "value": "1"}}, 
{"type_key": "Range", "attrs": {"extent": "422", "min": "408", "span": "0"}}, 
{"type_key": "IntImm", "attrs": {"dtype": "int64", "span": "0", "value": "1"}}, 
{"type_key": "tir.BufferRegion", "attrs": {"buffer": "424", "region": "438"}}, 
{"type_key": "tir.Buffer", "attrs": {"axis_separators": "436", "buffer_type": "1", "data": "425", "data_alignment": "64", "dtype": "float32", "elem_offset": "437", "name": "426", "offset_factor": "1", "shape": "430", "span": "0", "strides": "435"}}, 
{"type_key": "tir.Var", "attrs": {"dtype": "handle", "name": "426", "span": "0", "type_annotation": "427"}}, 
{"type_key": "runtime.String", "repr_str": "p2"}, 
{"type_key": "PointerType", "attrs": {"element_type": "428", "storage_scope": "429"}}, 
{"type_key": "PrimType", "attrs": {"dtype": "float32"}}, 
{"type_key": "runtime.String", "repr_str": "global"}, 
{"type_key": "Array", "data": [431, 432, 433, 434]}, 
{"type_key": "IntImm", "attrs": {"dtype": "int64", "span": "0", "value": "1"}}, 
{"type_key": "IntImm", "attrs": {"dtype": "int64", "span": "0", "value": "1"}}, 
{"type_key": "IntImm", "attrs": {"dtype": "int64", "span": "0", "value": "1"}}, 
{"type_key": "IntImm", "attrs": {"dtype": "int64", "span": "0", "value": "512"}}, 
{"type_key": "Array"}, 
{"type_key": "Array"}, 
{"type_key": "IntImm", "attrs": {"dtype": "int64", "span": "0", "value": "0"}}, 
{"type_key": "Array", "data": [439, 441, 444, 447]}, 
{"type_key": "Range", "attrs": {"extent": "440", "min": "384", "span": "0"}}, 
{"type_key": "IntImm", "attrs": {"dtype": "int64", "span": "0", "value": "1"}}, 
{"type_key": "Range", "attrs": {"extent": "443", "min": "442", "span": "0"}}, 
{"type_key": "IntImm", "attrs": {"dtype": "int64", "span": "0", "value": "0"}}, 
{"type_key": "IntImm", "attrs": {"dtype": "int64", "span": "0", "value": "1"}}, 
{"type_key": "Range", "attrs": {"extent": "446", "min": "445", "span": "0"}}, 
{"type_key": "IntImm", "attrs": {"dtype": "int64", "span": "0", "value": "0"}}, 
{"type_key": "IntImm", "attrs": {"dtype": "int64", "span": "0", "value": "1"}}, 
{"type_key": "Range", "attrs": {"extent": "448", "min": "408", "span": "0"}}, 
{"type_key": "IntImm", "attrs": {"dtype": "int64", "span": "0", "value": "1"}}, 
{"type_key": "Array", "data": [450]}, 
{"type_key": "tir.BufferRegion", "attrs": {"buffer": "451", "region": "465"}}, 
{"type_key": "tir.Buffer", "attrs": {"axis_separators": "463", "buffer_type": "1", "data": "452", "data_alignment": "64", "dtype": "float32", "elem_offset": "464", "name": "453", "offset_factor": "1", "shape": "457", "span": "0", "strides": "462"}}, 
{"type_key": "tir.Var", "attrs": {"dtype": "handle", "name": "453", "span": "0", "type_annotation": "454"}}, 
{"type_key": "runtime.String", "repr_str": "T_add"}, 
{"type_key": "PointerType", "attrs": {"element_type": "455", "storage_scope": "456"}}, 
{"type_key": "PrimType", "attrs": {"dtype": "float32"}}, 
{"type_key": "runtime.String", "repr_str": "global"}, 
{"type_key": "Array", "data": [458, 459, 460, 461]}, 
{"type_key": "IntImm", "attrs": {"dtype": "int64", "span": "0", "value": "1"}}, 
{"type_key": "IntImm", "attrs": {"dtype": "int64", "span": "0", "value": "7"}}, 
{"type_key": "IntImm", "attrs": {"dtype": "int64", "span": "0", "value": "7"}}, 
{"type_key": "IntImm", "attrs": {"dtype": "int64", "span": "0", "value": "512"}}, 
{"type_key": "Array"}, 
{"type_key": "Array"}, 
{"type_key": "IntImm", "attrs": {"dtype": "int64", "span": "0", "value": "0"}}, 
{"type_key": "Array", "data": [466, 468, 470, 472]}, 
{"type_key": "Range", "attrs": {"extent": "467", "min": "384", "span": "0"}}, 
{"type_key": "IntImm", "attrs": {"dtype": "int64", "span": "0", "value": "1"}}, 
{"type_key": "Range", "attrs": {"extent": "469", "min": "392", "span": "0"}}, 
{"type_key": "IntImm", "attrs": {"dtype": "int64", "span": "0", "value": "1"}}, 
{"type_key": "Range", "attrs": {"extent": "471", "min": "400", "span": "0"}}, 
{"type_key": "IntImm", "attrs": {"dtype": "int64", "span": "0", "value": "1"}}, 
{"type_key": "Range", "attrs": {"extent": "473", "min": "408", "span": "0"}}, 
{"type_key": "IntImm", "attrs": {"dtype": "int64", "span": "0", "value": "1"}}, 
{"type_key": "runtime.String", "repr_str": "T_add"}, 
{"type_key": "tir.BufferStore", "attrs": {"buffer": "451", "indices": "483", "span": "0", "value": "476"}}, 
{"type_key": "tir.Add", "attrs": {"a": "477", "b": "479", "dtype": "float32", "span": "0"}}, 
{"type_key": "tir.BufferLoad", "attrs": {"buffer": "298", "dtype": "float32", "indices": "478", "span": "0"}}, 
{"type_key": "Array", "data": [384, 392, 400, 408]}, 
{"type_key": "tir.BufferLoad", "attrs": {"buffer": "424", "dtype": "float32", "indices": "480", "span": "0"}}, 
{"type_key": "Array", "data": [384, 481, 482, 408]}, 
{"type_key": "IntImm", "attrs": {"dtype": "int64", "span": "0", "value": "0"}}, 
{"type_key": "IntImm", "attrs": {"dtype": "int64", "span": "0", "value": "0"}}, 
{"type_key": "Array", "data": [384, 392, 400, 408]}, 
{"type_key": "Array"}, 
{"type_key": "Array"}, 
{"type_key": "Map"}, 
{"type_key": "Map"}, 
{"type_key": "Map"}, 
{"type_key": "Map"}, 
{"type_key": "Map"}, 
{"type_key": "Array", "data": [117, 298]}, 
{"type_key": "Array"}, 
{"type_key": "Map"}, 
{"type_key": "TupleType", "attrs": {"fields": "495", "span": "0"}}, 
{"type_key": "Array"}, 
{"type_key": "Map", "data": [7, 92, 13, 424, 10, 273, 16, 451]}, 
{"type_key": "DictAttrs", "attrs": {"__dict__": "498"}}, 
{"type_key": "Map", "keys": ["global_symbol", "tir.noalias", "layout_free_buffers"], "data": [499, 500, 501]}, 
{"type_key": "runtime.String", "repr_str": "main"}, 
{"type_key": "IntImm", "attrs": {"dtype": "bool", "span": "0", "value": "1"}}, 
{"type_key": "Array", "data": [502]}, 
{"type_key": "IntImm", "attrs": {"dtype": "int32", "span": "0", "value": "1"}}, 
{"type_key": "FuncType", "attrs": {"arg_types": "504", "ret_type": "494", "span": "0", "type_constraints": "506", "type_params": "505"}}, 
{"type_key": "Array", "data": [9, 12, 15, 18]}, 
{"type_key": "Array"}, 
{"type_key": "Array"}, 
{"type_key": "Map"}, 
{"type_key": "Map", "keys": ["main"], "data": [3]}, 
{"type_key": "Map"}, 
{"type_key": "SourceMap", "attrs": {"source_map": "511"}}, 
{"type_key": "Map"}], "b64ndarrays": [], "attrs": {"tvm_version": "0.14.dev0"}}]